Arguments: 
  /home/jimjim/.nvm/versions/node/v22.11.0/bin/node /usr/bin/yarn add --dev @nomicfoundation/hardhat-toolbox-viem@^5.0.0 @nomicfoundation/hardhat-ignition@^3.0.0 @types/node@^22.8.5 forge-std@foundry-rs/forge-std#v1.9.4 typescript@~5.8.0 viem@^2.30.0 @nomicfoundation/hardhat-ignition-viem@^3.0.0 @nomicfoundation/hardhat-keystore@^3.0.2 @nomicfoundation/hardhat-network-helpers@^3.0.1 @nomicfoundation/hardhat-node-test-runner@^3.0.4 @nomicfoundation/hardhat-viem@^3.0.0 @nomicfoundation/hardhat-viem-assertions@^3.0.0 @nomicfoundation/hardhat-verify@^3.0.4 @nomicfoundation/ignition-core@^3.0.0

PATH: 
  /tmp/yarn--1761317833881-0.9202475638528986:/home/jimjim/Desktop/EIP7503-ERC20/node_modules/.bin:/home/jimjim/.config/yarn/link/node_modules/.bin:/home/jimjim/.yarn/bin:/home/jimjim/.nvm/versions/node/v22.11.0/libexec/lib/node_modules/npm/bin/node-gyp-bin:/home/jimjim/.nvm/versions/node/v22.11.0/lib/node_modules/npm/bin/node-gyp-bin:/home/jimjim/.nvm/versions/node/v22.11.0/bin/node_modules/npm/bin/node-gyp-bin:/home/jimjim/.bb:/home/jimjim/.bb:/home/jimjim/.bb:/home/jimjim/.bb:/home/jimjim/.bb:/home/jimjim/.bb:/home/jimjim/.bb:/home/jimjim/.bb:/home/jimjim/.bb:/home/jimjim/.bb:/home/jimjim/.bb:/home/jimjim/.bb:/home/jimjim/.bb:/home/jimjim/.bb:/home/jimjim/.bb:/home/jimjim/.bb:/home/jimjim/.bb:/home/jimjim/.bb:/home/jimjim/.nvm/versions/node/v22.11.0/bin:/home/jimjim/.bun/bin:/home/jimjim/.cargo/bin:/usr/local/sbin:/usr/local/bin:/usr/sbin:/usr/bin:/sbin:/bin:/usr/games:/usr/local/games:/snap/bin:/snap/bin:/home/jimjim/.aztec/bin:/home/jimjim/.nargo/bin:/home/jimjim/Desktop/ezkl/target/release:/usr/local/go/bin:/home/jimjim/.aztec/bin:/home/jimjim/.foundry/bin:/home/jimjim/.huff/bin

Yarn version: 
  1.22.19

Node version: 
  22.11.0

Platform: 
  linux x64

Trace: 
  Error: https://raw.githubusercontent.com/foundry-rs/forge-std/1eea5bae12ae557d589f9f0f0edae2faa47cb262/package.json: Request "https://raw.githubusercontent.com/foundry-rs/forge-std/1eea5bae12ae557d589f9f0f0edae2faa47cb262/package.json" returned a 429
      at params.callback [as _callback] (/usr/lib/node_modules/yarn/lib/cli.js:66154:18)
      at self.callback (/usr/lib/node_modules/yarn/lib/cli.js:140890:22)
      at Request.emit (node:events:518:28)
      at Request.<anonymous> (/usr/lib/node_modules/yarn/lib/cli.js:141862:10)
      at Request.emit (node:events:518:28)
      at IncomingMessage.<anonymous> (/usr/lib/node_modules/yarn/lib/cli.js:141784:12)
      at Object.onceWrapper (node:events:632:28)
      at IncomingMessage.emit (node:events:530:35)
      at endReadableNT (node:internal/streams/readable:1698:12)
      at process.processTicksAndRejections (node:internal/process/task_queues:90:21)

npm manifest: 
  {
    "type": "module",
    "name": "ERC20-EIP7503",
    "license": "Apache-2.0",
    "devDependencies": {
      "hardhat": "^3.0.9",
      "vite": "^5.3.4"
    },
    "scripts": {
      "compile-contracts": "hardhat compile; cp artifacts/contracts/Token.sol/Token.json website/abis/Token.json",
      "compile-circuit": "cd circuits/privateTransferProver; nargo compile",
      "dev": "cd website; yarn vite",
      "build": "cd website; yarn vite build",
      "preview": "cd website; yarn vite preview",
      "install-vite": "cd website; yarn install"
    },
    "dependencies": {
      "@aztec/bb.js": "1.2.0",
      "@noir-lang/noir_js": "1.0.0-beta.13-f666b6e.nightly",
      "@openzeppelin/contracts": "^5.2.0",
      "@warptoad/gigabridge-js": "0.0.0",
      "args-parser": "^1.3.0",
      "poseidon-lite": "^0.2.0",
      "poseidon-solidity": "^0.0.5",
      "zk-kit-lean-imt-custom-hash": "2.1.1"
    },
    "packageManager": "yarn@1.22.22+sha512.a6b2f7906b721bba3d67d4aff083df04dad64c399707841b7acf00f6b133b7ac24255f2652fa22ae3534329dc6180534e98d17432037ff6fd140556e2bb3137e"
  }

yarn manifest: 
  No manifest

Lockfile: 
  # THIS IS AN AUTOGENERATED FILE. DO NOT EDIT THIS FILE DIRECTLY.
  # yarn lockfile v1
  
  
  "@adraffy/ens-normalize@^1.11.0":
    version "1.11.1"
    resolved "https://registry.yarnpkg.com/@adraffy/ens-normalize/-/ens-normalize-1.11.1.tgz#6c2d657d4b2dfb37f8ea811dcb3e60843d4ac24a"
    integrity sha512-nhCBV3quEgesuf7c7KYfperqSS14T8bYuvJ8PcLJp6znkZpFc0AuW4qBtr8eKVyPPe/8RSr7sglCWPU5eaxwKQ==
  
  "@aztec/bb.js@1.2.0":
    version "1.2.0"
    resolved "https://registry.yarnpkg.com/@aztec/bb.js/-/bb.js-1.2.0.tgz#39aec7e0c1614db18f7166c72de4063d7eb4d515"
    integrity sha512-LAnxJQmapZpUT0fDau7hBlGSOmMaPaMRzCY2Ld+7nSennR5E3G2s1qLNrhRo0+5MzUofRC3KXTedItvXVsqccA==
    dependencies:
      comlink "^4.4.1"
      commander "^12.1.0"
      idb-keyval "^6.2.1"
      msgpackr "^1.11.2"
      pako "^2.1.0"
      pino "^9.5.0"
      tslib "^2.4.0"
  
  "@esbuild/aix-ppc64@0.21.5":
    version "0.21.5"
    resolved "https://registry.yarnpkg.com/@esbuild/aix-ppc64/-/aix-ppc64-0.21.5.tgz#c7184a326533fcdf1b8ee0733e21c713b975575f"
    integrity sha512-1SDgH6ZSPTlggy1yI6+Dbkiz8xzpHJEVAlF/AM1tHPLsf5STom9rwtjE4hKAF20FfXXNTFqEYXyJNWh1GiZedQ==
  
  "@esbuild/aix-ppc64@0.25.11":
    version "0.25.11"
    resolved "https://registry.yarnpkg.com/@esbuild/aix-ppc64/-/aix-ppc64-0.25.11.tgz#2ae33300598132cc4cf580dbbb28d30fed3c5c49"
    integrity sha512-Xt1dOL13m8u0WE8iplx9Ibbm+hFAO0GsU2P34UNoDGvZYkY8ifSiy6Zuc1lYxfG7svWE2fzqCUmFp5HCn51gJg==
  
  "@esbuild/android-arm64@0.21.5":
    version "0.21.5"
    resolved "https://registry.yarnpkg.com/@esbuild/android-arm64/-/android-arm64-0.21.5.tgz#09d9b4357780da9ea3a7dfb833a1f1ff439b4052"
    integrity sha512-c0uX9VAUBQ7dTDCjq+wdyGLowMdtR/GoC2U5IYk/7D1H1JYC0qseD7+11iMP2mRLN9RcCMRcjC4YMclCzGwS/A==
  
  "@esbuild/android-arm64@0.25.11":
    version "0.25.11"
    resolved "https://registry.yarnpkg.com/@esbuild/android-arm64/-/android-arm64-0.25.11.tgz#927708b3db5d739d6cb7709136924cc81bec9b03"
    integrity sha512-9slpyFBc4FPPz48+f6jyiXOx/Y4v34TUeDDXJpZqAWQn/08lKGeD8aDp9TMn9jDz2CiEuHwfhRmGBvpnd/PWIQ==
  
  "@esbuild/android-arm@0.21.5":
    version "0.21.5"
    resolved "https://registry.yarnpkg.com/@esbuild/android-arm/-/android-arm-0.21.5.tgz#9b04384fb771926dfa6d7ad04324ecb2ab9b2e28"
    integrity sha512-vCPvzSjpPHEi1siZdlvAlsPxXl7WbOVUBBAowWug4rJHb68Ox8KualB+1ocNvT5fjv6wpkX6o/iEpbDrf68zcg==
  
  "@esbuild/android-arm@0.25.11":
    version "0.25.11"
    resolved "https://registry.yarnpkg.com/@esbuild/android-arm/-/android-arm-0.25.11.tgz#571f94e7f4068957ec4c2cfb907deae3d01b55ae"
    integrity sha512-uoa7dU+Dt3HYsethkJ1k6Z9YdcHjTrSb5NUy66ZfZaSV8hEYGD5ZHbEMXnqLFlbBflLsl89Zke7CAdDJ4JI+Gg==
  
  "@esbuild/android-x64@0.21.5":
    version "0.21.5"
    resolved "https://registry.yarnpkg.com/@esbuild/android-x64/-/android-x64-0.21.5.tgz#29918ec2db754cedcb6c1b04de8cd6547af6461e"
    integrity sha512-D7aPRUUNHRBwHxzxRvp856rjUHRFW1SdQATKXH2hqA0kAZb1hKmi02OpYRacl0TxIGz/ZmXWlbZgjwWYaCakTA==
  
  "@esbuild/android-x64@0.25.11":
    version "0.25.11"
    resolved "https://registry.yarnpkg.com/@esbuild/android-x64/-/android-x64-0.25.11.tgz#8a3bf5cae6c560c7ececa3150b2bde76e0fb81e6"
    integrity sha512-Sgiab4xBjPU1QoPEIqS3Xx+R2lezu0LKIEcYe6pftr56PqPygbB7+szVnzoShbx64MUupqoE0KyRlN7gezbl8g==
  
  "@esbuild/darwin-arm64@0.21.5":
    version "0.21.5"
    resolved "https://registry.yarnpkg.com/@esbuild/darwin-arm64/-/darwin-arm64-0.21.5.tgz#e495b539660e51690f3928af50a76fb0a6ccff2a"
    integrity sha512-DwqXqZyuk5AiWWf3UfLiRDJ5EDd49zg6O9wclZ7kUMv2WRFr4HKjXp/5t8JZ11QbQfUS6/cRCKGwYhtNAY88kQ==
  
  "@esbuild/darwin-arm64@0.25.11":
    version "0.25.11"
    resolved "https://registry.yarnpkg.com/@esbuild/darwin-arm64/-/darwin-arm64-0.25.11.tgz#0a678c4ac4bf8717e67481e1a797e6c152f93c84"
    integrity sha512-VekY0PBCukppoQrycFxUqkCojnTQhdec0vevUL/EDOCnXd9LKWqD/bHwMPzigIJXPhC59Vd1WFIL57SKs2mg4w==
  
  "@esbuild/darwin-x64@0.21.5":
    version "0.21.5"
    resolved "https://registry.yarnpkg.com/@esbuild/darwin-x64/-/darwin-x64-0.21.5.tgz#c13838fa57372839abdddc91d71542ceea2e1e22"
    integrity sha512-se/JjF8NlmKVG4kNIuyWMV/22ZaerB+qaSi5MdrXtd6R08kvs2qCN4C09miupktDitvh8jRFflwGFBQcxZRjbw==
  
  "@esbuild/darwin-x64@0.25.11":
    version "0.25.11"
    resolved "https://registry.yarnpkg.com/@esbuild/darwin-x64/-/darwin-x64-0.25.11.tgz#70f5e925a30c8309f1294d407a5e5e002e0315fe"
    integrity sha512-+hfp3yfBalNEpTGp9loYgbknjR695HkqtY3d3/JjSRUyPg/xd6q+mQqIb5qdywnDxRZykIHs3axEqU6l1+oWEQ==
  
  "@esbuild/freebsd-arm64@0.21.5":
    version "0.21.5"
    resolved "https://registry.yarnpkg.com/@esbuild/freebsd-arm64/-/freebsd-arm64-0.21.5.tgz#646b989aa20bf89fd071dd5dbfad69a3542e550e"
    integrity sha512-5JcRxxRDUJLX8JXp/wcBCy3pENnCgBR9bN6JsY4OmhfUtIHe3ZW0mawA7+RDAcMLrMIZaf03NlQiX9DGyB8h4g==
  
  "@esbuild/freebsd-arm64@0.25.11":
    version "0.25.11"
    resolved "https://registry.yarnpkg.com/@esbuild/freebsd-arm64/-/freebsd-arm64-0.25.11.tgz#4ec1db687c5b2b78b44148025da9632397553e8a"
    integrity sha512-CmKjrnayyTJF2eVuO//uSjl/K3KsMIeYeyN7FyDBjsR3lnSJHaXlVoAK8DZa7lXWChbuOk7NjAc7ygAwrnPBhA==
  
  "@esbuild/freebsd-x64@0.21.5":
    version "0.21.5"
    resolved "https://registry.yarnpkg.com/@esbuild/freebsd-x64/-/freebsd-x64-0.21.5.tgz#aa615cfc80af954d3458906e38ca22c18cf5c261"
    integrity sha512-J95kNBj1zkbMXtHVH29bBriQygMXqoVQOQYA+ISs0/2l3T9/kj42ow2mpqerRBxDJnmkUDCaQT/dfNXWX/ZZCQ==
  
  "@esbuild/freebsd-x64@0.25.11":
    version "0.25.11"
    resolved "https://registry.yarnpkg.com/@esbuild/freebsd-x64/-/freebsd-x64-0.25.11.tgz#4c81abd1b142f1e9acfef8c5153d438ca53f44bb"
    integrity sha512-Dyq+5oscTJvMaYPvW3x3FLpi2+gSZTCE/1ffdwuM6G1ARang/mb3jvjxs0mw6n3Lsw84ocfo9CrNMqc5lTfGOw==
  
  "@esbuild/linux-arm64@0.21.5":
    version "0.21.5"
    resolved "https://registry.yarnpkg.com/@esbuild/linux-arm64/-/linux-arm64-0.21.5.tgz#70ac6fa14f5cb7e1f7f887bcffb680ad09922b5b"
    integrity sha512-ibKvmyYzKsBeX8d8I7MH/TMfWDXBF3db4qM6sy+7re0YXya+K1cem3on9XgdT2EQGMu4hQyZhan7TeQ8XkGp4Q==
  
  "@esbuild/linux-arm64@0.25.11":
    version "0.25.11"
    resolved "https://registry.yarnpkg.com/@esbuild/linux-arm64/-/linux-arm64-0.25.11.tgz#69517a111acfc2b93aa0fb5eaeb834c0202ccda5"
    integrity sha512-Qr8AzcplUhGvdyUF08A1kHU3Vr2O88xxP0Tm8GcdVOUm25XYcMPp2YqSVHbLuXzYQMf9Bh/iKx7YPqECs6ffLA==
  
  "@esbuild/linux-arm@0.21.5":
    version "0.21.5"
    resolved "https://registry.yarnpkg.com/@esbuild/linux-arm/-/linux-arm-0.21.5.tgz#fc6fd11a8aca56c1f6f3894f2bea0479f8f626b9"
    integrity sha512-bPb5AHZtbeNGjCKVZ9UGqGwo8EUu4cLq68E95A53KlxAPRmUyYv2D6F0uUI65XisGOL1hBP5mTronbgo+0bFcA==
  
  "@esbuild/linux-arm@0.25.11":
    version "0.25.11"
    resolved "https://registry.yarnpkg.com/@esbuild/linux-arm/-/linux-arm-0.25.11.tgz#58dac26eae2dba0fac5405052b9002dac088d38f"
    integrity sha512-TBMv6B4kCfrGJ8cUPo7vd6NECZH/8hPpBHHlYI3qzoYFvWu2AdTvZNuU/7hsbKWqu/COU7NIK12dHAAqBLLXgw==
  
  "@esbuild/linux-ia32@0.21.5":
    version "0.21.5"
    resolved "https://registry.yarnpkg.com/@esbuild/linux-ia32/-/linux-ia32-0.21.5.tgz#3271f53b3f93e3d093d518d1649d6d68d346ede2"
    integrity sha512-YvjXDqLRqPDl2dvRODYmmhz4rPeVKYvppfGYKSNGdyZkA01046pLWyRKKI3ax8fbJoK5QbxblURkwK/MWY18Tg==
  
  "@esbuild/linux-ia32@0.25.11":
    version "0.25.11"
    resolved "https://registry.yarnpkg.com/@esbuild/linux-ia32/-/linux-ia32-0.25.11.tgz#b89d4efe9bdad46ba944f0f3b8ddd40834268c2b"
    integrity sha512-TmnJg8BMGPehs5JKrCLqyWTVAvielc615jbkOirATQvWWB1NMXY77oLMzsUjRLa0+ngecEmDGqt5jiDC6bfvOw==
  
  "@esbuild/linux-loong64@0.21.5":
    version "0.21.5"
    resolved "https://registry.yarnpkg.com/@esbuild/linux-loong64/-/linux-loong64-0.21.5.tgz#ed62e04238c57026aea831c5a130b73c0f9f26df"
    integrity sha512-uHf1BmMG8qEvzdrzAqg2SIG/02+4/DHB6a9Kbya0XDvwDEKCoC8ZRWI5JJvNdUjtciBGFQ5PuBlpEOXQj+JQSg==
  
  "@esbuild/linux-loong64@0.25.11":
    version "0.25.11"
    resolved "https://registry.yarnpkg.com/@esbuild/linux-loong64/-/linux-loong64-0.25.11.tgz#11f603cb60ad14392c3f5c94d64b3cc8b630fbeb"
    integrity sha512-DIGXL2+gvDaXlaq8xruNXUJdT5tF+SBbJQKbWy/0J7OhU8gOHOzKmGIlfTTl6nHaCOoipxQbuJi7O++ldrxgMw==
  
  "@esbuild/linux-mips64el@0.21.5":
    version "0.21.5"
    resolved "https://registry.yarnpkg.com/@esbuild/linux-mips64el/-/linux-mips64el-0.21.5.tgz#e79b8eb48bf3b106fadec1ac8240fb97b4e64cbe"
    integrity sha512-IajOmO+KJK23bj52dFSNCMsz1QP1DqM6cwLUv3W1QwyxkyIWecfafnI555fvSGqEKwjMXVLokcV5ygHW5b3Jbg==
  
  "@esbuild/linux-mips64el@0.25.11":
    version "0.25.11"
    resolved "https://registry.yarnpkg.com/@esbuild/linux-mips64el/-/linux-mips64el-0.25.11.tgz#b7d447ff0676b8ab247d69dac40a5cf08e5eeaf5"
    integrity sha512-Osx1nALUJu4pU43o9OyjSCXokFkFbyzjXb6VhGIJZQ5JZi8ylCQ9/LFagolPsHtgw6himDSyb5ETSfmp4rpiKQ==
  
  "@esbuild/linux-ppc64@0.21.5":
    version "0.21.5"
    resolved "https://registry.yarnpkg.com/@esbuild/linux-ppc64/-/linux-ppc64-0.21.5.tgz#5f2203860a143b9919d383ef7573521fb154c3e4"
    integrity sha512-1hHV/Z4OEfMwpLO8rp7CvlhBDnjsC3CttJXIhBi+5Aj5r+MBvy4egg7wCbe//hSsT+RvDAG7s81tAvpL2XAE4w==
  
  "@esbuild/linux-ppc64@0.25.11":
    version "0.25.11"
    resolved "https://registry.yarnpkg.com/@esbuild/linux-ppc64/-/linux-ppc64-0.25.11.tgz#b3a28ed7cc252a61b07ff7c8fd8a984ffd3a2f74"
    integrity sha512-nbLFgsQQEsBa8XSgSTSlrnBSrpoWh7ioFDUmwo158gIm5NNP+17IYmNWzaIzWmgCxq56vfr34xGkOcZ7jX6CPw==
  
  "@esbuild/linux-riscv64@0.21.5":
    version "0.21.5"
    resolved "https://registry.yarnpkg.com/@esbuild/linux-riscv64/-/linux-riscv64-0.21.5.tgz#07bcafd99322d5af62f618cb9e6a9b7f4bb825dc"
    integrity sha512-2HdXDMd9GMgTGrPWnJzP2ALSokE/0O5HhTUvWIbD3YdjME8JwvSCnNGBnTThKGEB91OZhzrJ4qIIxk/SBmyDDA==
  
  "@esbuild/linux-riscv64@0.25.11":
    version "0.25.11"
    resolved "https://registry.yarnpkg.com/@esbuild/linux-riscv64/-/linux-riscv64-0.25.11.tgz#ce75b08f7d871a75edcf4d2125f50b21dc9dc273"
    integrity sha512-HfyAmqZi9uBAbgKYP1yGuI7tSREXwIb438q0nqvlpxAOs3XnZ8RsisRfmVsgV486NdjD7Mw2UrFSw51lzUk1ww==
  
  "@esbuild/linux-s390x@0.21.5":
    version "0.21.5"
    resolved "https://registry.yarnpkg.com/@esbuild/linux-s390x/-/linux-s390x-0.21.5.tgz#b7ccf686751d6a3e44b8627ababc8be3ef62d8de"
    integrity sha512-zus5sxzqBJD3eXxwvjN1yQkRepANgxE9lgOW2qLnmr8ikMTphkjgXu1HR01K4FJg8h1kEEDAqDcZQtbrRnB41A==
  
  "@esbuild/linux-s390x@0.25.11":
    version "0.25.11"
    resolved "https://registry.yarnpkg.com/@esbuild/linux-s390x/-/linux-s390x-0.25.11.tgz#cd08f6c73b6b6ff9ccdaabbd3ff6ad3dca99c263"
    integrity sha512-HjLqVgSSYnVXRisyfmzsH6mXqyvj0SA7pG5g+9W7ESgwA70AXYNpfKBqh1KbTxmQVaYxpzA/SvlB9oclGPbApw==
  
  "@esbuild/linux-x64@0.21.5":
    version "0.21.5"
    resolved "https://registry.yarnpkg.com/@esbuild/linux-x64/-/linux-x64-0.21.5.tgz#6d8f0c768e070e64309af8004bb94e68ab2bb3b0"
    integrity sha512-1rYdTpyv03iycF1+BhzrzQJCdOuAOtaqHTWJZCWvijKD2N5Xu0TtVC8/+1faWqcP9iBCWOmjmhoH94dH82BxPQ==
  
  "@esbuild/linux-x64@0.25.11":
    version "0.25.11"
    resolved "https://registry.yarnpkg.com/@esbuild/linux-x64/-/linux-x64-0.25.11.tgz#3c3718af31a95d8946ebd3c32bb1e699bdf74910"
    integrity sha512-HSFAT4+WYjIhrHxKBwGmOOSpphjYkcswF449j6EjsjbinTZbp8PJtjsVK1XFJStdzXdy/jaddAep2FGY+wyFAQ==
  
  "@esbuild/netbsd-arm64@0.25.11":
    version "0.25.11"
    resolved "https://registry.yarnpkg.com/@esbuild/netbsd-arm64/-/netbsd-arm64-0.25.11.tgz#b4c767082401e3a4e8595fe53c47cd7f097c8077"
    integrity sha512-hr9Oxj1Fa4r04dNpWr3P8QKVVsjQhqrMSUzZzf+LZcYjZNqhA3IAfPQdEh1FLVUJSiu6sgAwp3OmwBfbFgG2Xg==
  
  "@esbuild/netbsd-x64@0.21.5":
    version "0.21.5"
    resolved "https://registry.yarnpkg.com/@esbuild/netbsd-x64/-/netbsd-x64-0.21.5.tgz#bbe430f60d378ecb88decb219c602667387a6047"
    integrity sha512-Woi2MXzXjMULccIwMnLciyZH4nCIMpWQAs049KEeMvOcNADVxo0UBIQPfSmxB3CWKedngg7sWZdLvLczpe0tLg==
  
  "@esbuild/netbsd-x64@0.25.11":
    version "0.25.11"
    resolved "https://registry.yarnpkg.com/@esbuild/netbsd-x64/-/netbsd-x64-0.25.11.tgz#f2a930458ed2941d1f11ebc34b9c7d61f7a4d034"
    integrity sha512-u7tKA+qbzBydyj0vgpu+5h5AeudxOAGncb8N6C9Kh1N4n7wU1Xw1JDApsRjpShRpXRQlJLb9wY28ELpwdPcZ7A==
  
  "@esbuild/openbsd-arm64@0.25.11":
    version "0.25.11"
    resolved "https://registry.yarnpkg.com/@esbuild/openbsd-arm64/-/openbsd-arm64-0.25.11.tgz#b4ae93c75aec48bc1e8a0154957a05f0641f2dad"
    integrity sha512-Qq6YHhayieor3DxFOoYM1q0q1uMFYb7cSpLD2qzDSvK1NAvqFi8Xgivv0cFC6J+hWVw2teCYltyy9/m/14ryHg==
  
  "@esbuild/openbsd-x64@0.21.5":
    version "0.21.5"
    resolved "https://registry.yarnpkg.com/@esbuild/openbsd-x64/-/openbsd-x64-0.21.5.tgz#99d1cf2937279560d2104821f5ccce220cb2af70"
    integrity sha512-HLNNw99xsvx12lFBUwoT8EVCsSvRNDVxNpjZ7bPn947b8gJPzeHWyNVhFsaerc0n3TsbOINvRP2byTZ5LKezow==
  
  "@esbuild/openbsd-x64@0.25.11":
    version "0.25.11"
    resolved "https://registry.yarnpkg.com/@esbuild/openbsd-x64/-/openbsd-x64-0.25.11.tgz#b42863959c8dcf9b01581522e40012d2c70045e2"
    integrity sha512-CN+7c++kkbrckTOz5hrehxWN7uIhFFlmS/hqziSFVWpAzpWrQoAG4chH+nN3Be+Kzv/uuo7zhX716x3Sn2Jduw==
  
  "@esbuild/openharmony-arm64@0.25.11":
    version "0.25.11"
    resolved "https://registry.yarnpkg.com/@esbuild/openharmony-arm64/-/openharmony-arm64-0.25.11.tgz#b2e717141c8fdf6bddd4010f0912e6b39e1640f1"
    integrity sha512-rOREuNIQgaiR+9QuNkbkxubbp8MSO9rONmwP5nKncnWJ9v5jQ4JxFnLu4zDSRPf3x4u+2VN4pM4RdyIzDty/wQ==
  
  "@esbuild/sunos-x64@0.21.5":
    version "0.21.5"
    resolved "https://registry.yarnpkg.com/@esbuild/sunos-x64/-/sunos-x64-0.21.5.tgz#08741512c10d529566baba837b4fe052c8f3487b"
    integrity sha512-6+gjmFpfy0BHU5Tpptkuh8+uw3mnrvgs+dSPQXQOv3ekbordwnzTVEb4qnIvQcYXq6gzkyTnoZ9dZG+D4garKg==
  
  "@esbuild/sunos-x64@0.25.11":
    version "0.25.11"
    resolved "https://registry.yarnpkg.com/@esbuild/sunos-x64/-/sunos-x64-0.25.11.tgz#9fbea1febe8778927804828883ec0f6dd80eb244"
    integrity sha512-nq2xdYaWxyg9DcIyXkZhcYulC6pQ2FuCgem3LI92IwMgIZ69KHeY8T4Y88pcwoLIjbed8n36CyKoYRDygNSGhA==
  
  "@esbuild/win32-arm64@0.21.5":
    version "0.21.5"
    resolved "https://registry.yarnpkg.com/@esbuild/win32-arm64/-/win32-arm64-0.21.5.tgz#675b7385398411240735016144ab2e99a60fc75d"
    integrity sha512-Z0gOTd75VvXqyq7nsl93zwahcTROgqvuAcYDUr+vOv8uHhNSKROyU961kgtCD1e95IqPKSQKH7tBTslnS3tA8A==
  
  "@esbuild/win32-arm64@0.25.11":
    version "0.25.11"
    resolved "https://registry.yarnpkg.com/@esbuild/win32-arm64/-/win32-arm64-0.25.11.tgz#501539cedb24468336073383989a7323005a8935"
    integrity sha512-3XxECOWJq1qMZ3MN8srCJ/QfoLpL+VaxD/WfNRm1O3B4+AZ/BnLVgFbUV3eiRYDMXetciH16dwPbbHqwe1uU0Q==
  
  "@esbuild/win32-ia32@0.21.5":
    version "0.21.5"
    resolved "https://registry.yarnpkg.com/@esbuild/win32-ia32/-/win32-ia32-0.21.5.tgz#1bfc3ce98aa6ca9a0969e4d2af72144c59c1193b"
    integrity sha512-SWXFF1CL2RVNMaVs+BBClwtfZSvDgtL//G/smwAc5oVK/UPu2Gu9tIaRgFmYFFKrmg3SyAjSrElf0TiJ1v8fYA==
  
  "@esbuild/win32-ia32@0.25.11":
    version "0.25.11"
    resolved "https://registry.yarnpkg.com/@esbuild/win32-ia32/-/win32-ia32-0.25.11.tgz#8ac7229aa82cef8f16ffb58f1176a973a7a15343"
    integrity sha512-3ukss6gb9XZ8TlRyJlgLn17ecsK4NSQTmdIXRASVsiS2sQ6zPPZklNJT5GR5tE/MUarymmy8kCEf5xPCNCqVOA==
  
  "@esbuild/win32-x64@0.21.5":
    version "0.21.5"
    resolved "https://registry.yarnpkg.com/@esbuild/win32-x64/-/win32-x64-0.21.5.tgz#acad351d582d157bb145535db2a6ff53dd514b5c"
    integrity sha512-tQd/1efJuzPC6rCFwEvLtci/xNFcTZknmXs98FYDfGE4wP9ClFV98nyKrzJKVPMhdDnjzLhdUyMX4PsQAPjwIw==
  
  "@esbuild/win32-x64@0.25.11":
    version "0.25.11"
    resolved "https://registry.yarnpkg.com/@esbuild/win32-x64/-/win32-x64-0.25.11.tgz#5ecda6f3fe138b7e456f4e429edde33c823f392f"
    integrity sha512-D7Hpz6A2L4hzsRpPaCYkQnGOotdUpDzSGRIv9I+1ITdHROSFUWW95ZPZWQmGka1Fg7W3zFJowyn9WGwMJ0+KPA==
  
  "@msgpackr-extract/msgpackr-extract-darwin-arm64@3.0.3":
    version "3.0.3"
    resolved "https://registry.yarnpkg.com/@msgpackr-extract/msgpackr-extract-darwin-arm64/-/msgpackr-extract-darwin-arm64-3.0.3.tgz#9edec61b22c3082018a79f6d1c30289ddf3d9d11"
    integrity sha512-QZHtlVgbAdy2zAqNA9Gu1UpIuI8Xvsd1v8ic6B2pZmeFnFcMWiPLfWXh7TVw4eGEZ/C9TH281KwhVoeQUKbyjw==
  
  "@msgpackr-extract/msgpackr-extract-darwin-x64@3.0.3":
    version "3.0.3"
    resolved "https://registry.yarnpkg.com/@msgpackr-extract/msgpackr-extract-darwin-x64/-/msgpackr-extract-darwin-x64-3.0.3.tgz#33677a275204898ad8acbf62734fc4dc0b6a4855"
    integrity sha512-mdzd3AVzYKuUmiWOQ8GNhl64/IoFGol569zNRdkLReh6LRLHOXxU4U8eq0JwaD8iFHdVGqSy4IjFL4reoWCDFw==
  
  "@msgpackr-extract/msgpackr-extract-linux-arm64@3.0.3":
    version "3.0.3"
    resolved "https://registry.yarnpkg.com/@msgpackr-extract/msgpackr-extract-linux-arm64/-/msgpackr-extract-linux-arm64-3.0.3.tgz#19edf7cdc2e7063ee328403c1d895a86dd28f4bb"
    integrity sha512-YxQL+ax0XqBJDZiKimS2XQaf+2wDGVa1enVRGzEvLLVFeqa5kx2bWbtcSXgsxjQB7nRqqIGFIcLteF/sHeVtQg==
  
  "@msgpackr-extract/msgpackr-extract-linux-arm@3.0.3":
    version "3.0.3"
    resolved "https://registry.yarnpkg.com/@msgpackr-extract/msgpackr-extract-linux-arm/-/msgpackr-extract-linux-arm-3.0.3.tgz#94fb0543ba2e28766c3fc439cabbe0440ae70159"
    integrity sha512-fg0uy/dG/nZEXfYilKoRe7yALaNmHoYeIoJuJ7KJ+YyU2bvY8vPv27f7UKhGRpY6euFYqEVhxCFZgAUNQBM3nw==
  
  "@msgpackr-extract/msgpackr-extract-linux-x64@3.0.3":
    version "3.0.3"
    resolved "https://registry.yarnpkg.com/@msgpackr-extract/msgpackr-extract-linux-x64/-/msgpackr-extract-linux-x64-3.0.3.tgz#4a0609ab5fe44d07c9c60a11e4484d3c38bbd6e3"
    integrity sha512-cvwNfbP07pKUfq1uH+S6KJ7dT9K8WOE4ZiAcsrSes+UY55E/0jLYc+vq+DO7jlmqRb5zAggExKm0H7O/CBaesg==
  
  "@msgpackr-extract/msgpackr-extract-win32-x64@3.0.3":
    version "3.0.3"
    resolved "https://registry.yarnpkg.com/@msgpackr-extract/msgpackr-extract-win32-x64/-/msgpackr-extract-win32-x64-3.0.3.tgz#0aa5502d547b57abfc4ac492de68e2006e417242"
    integrity sha512-x0fWaQtYp4E6sktbsdAqnehxDgEc/VwM7uLsRCYWaiGu0ykYdZPiS8zCWdnjHwyiumousxfBm4SO31eXqwEZhQ==
  
  "@noble/ciphers@^1.3.0":
    version "1.3.0"
    resolved "https://registry.yarnpkg.com/@noble/ciphers/-/ciphers-1.3.0.tgz#f64b8ff886c240e644e5573c097f86e5b43676dc"
    integrity sha512-2I0gnIVPtfnMw9ee9h1dJG7tp81+8Ob3OJb3Mv37rx5L40/b0i7djjCVvGOVqc9AEIQyvyu1i6ypKdFw8R8gQw==
  
  "@noble/curves@1.4.2", "@noble/curves@~1.4.0":
    version "1.4.2"
    resolved "https://registry.yarnpkg.com/@noble/curves/-/curves-1.4.2.tgz#40309198c76ed71bc6dbf7ba24e81ceb4d0d1fe9"
    integrity sha512-TavHr8qycMChk8UwMld0ZDRvatedkzWfH8IiaeGCfymOP5i0hSCozz9vHOL0nkwk7HRMlFnAiKpS2jrUmSybcw==
    dependencies:
      "@noble/hashes" "1.4.0"
  
  "@noble/curves@1.9.1":
    version "1.9.1"
    resolved "https://registry.yarnpkg.com/@noble/curves/-/curves-1.9.1.tgz#9654a0bc6c13420ae252ddcf975eaf0f58f0a35c"
    integrity sha512-k11yZxZg+t+gWvBbIswW0yoJlu8cHOC7dhunwOzoWH/mXGBiYyR4YY6hAEK/3EUs4UpB8la1RfdRpeGsFHkWsA==
    dependencies:
      "@noble/hashes" "1.8.0"
  
  "@noble/curves@~1.8.1":
    version "1.8.2"
    resolved "https://registry.yarnpkg.com/@noble/curves/-/curves-1.8.2.tgz#8f24c037795e22b90ae29e222a856294c1d9ffc7"
    integrity sha512-vnI7V6lFNe0tLAuJMu+2sX+FcL14TaCWy1qiczg1VwRmPrpQCdq5ESXQMqUc2tluRNf6irBXrWbl1mGN8uaU/g==
    dependencies:
      "@noble/hashes" "1.7.2"
  
  "@noble/curves@~1.9.0":
    version "1.9.7"
    resolved "https://registry.yarnpkg.com/@noble/curves/-/curves-1.9.7.tgz#79d04b4758a43e4bca2cbdc62e7771352fa6b951"
    integrity sha512-gbKGcRUYIjA3/zCCNaWDciTMFI0dCkvou3TL8Zmy5Nc7sJ47a0jtOeZoTaMxkuqRo9cRhjOdZJXegxYE5FN/xw==
    dependencies:
      "@noble/hashes" "1.8.0"
  
  "@noble/hashes@1.4.0", "@noble/hashes@~1.4.0":
    version "1.4.0"
    resolved "https://registry.yarnpkg.com/@noble/hashes/-/hashes-1.4.0.tgz#45814aa329f30e4fe0ba49426f49dfccdd066426"
    integrity sha512-V1JJ1WTRUqHHrOSh597hURcMqVKVGL/ea3kv0gSnEdsEZ0/+VyPghM1lMNGc00z7CIQorSvbKpuJkxvuHbvdbg==
  
  "@noble/hashes@1.7.2", "@noble/hashes@~1.7.1":
    version "1.7.2"
    resolved "https://registry.yarnpkg.com/@noble/hashes/-/hashes-1.7.2.tgz#d53c65a21658fb02f3303e7ee3ba89d6754c64b4"
    integrity sha512-biZ0NUSxyjLLqo6KxEJ1b+C2NAx0wtDoFvCaXHGgUkeHzf3Xc1xKumFKREuT7f7DARNZ/slvYUwFG6B0f2b6hQ==
  
  "@noble/hashes@1.8.0", "@noble/hashes@^1.8.0", "@noble/hashes@~1.8.0":
    version "1.8.0"
    resolved "https://registry.yarnpkg.com/@noble/hashes/-/hashes-1.8.0.tgz#cee43d801fcef9644b11b8194857695acd5f815a"
    integrity sha512-jCs9ldd7NwzpgXDIf6P3+NrHh9/sD6CQdxHyjQI+h/6rDNo88ypBxxz45UDuZHz9r3tNz7N/VInSVoVdtXEI4A==
  
  "@noir-lang/acvm_js@1.0.0-beta.13-f666b6e.nightly":
    version "1.0.0-beta.13-f666b6e.nightly"
    resolved "https://registry.yarnpkg.com/@noir-lang/acvm_js/-/acvm_js-1.0.0-beta.13-f666b6e.nightly.tgz#4a28a52a2c7997053395014f10afb99e7e61fe2c"
    integrity sha512-vZfLQsXdanq2f43s2Oy8BOPP0kzugQwfZt2griNTU2WB3NDytCpyi2URQgypG0tgqlcZoefYIOc/DsAD5rmeJQ==
  
  "@noir-lang/noir_js@1.0.0-beta.13-f666b6e.nightly":
    version "1.0.0-beta.13-f666b6e.nightly"
    resolved "https://registry.yarnpkg.com/@noir-lang/noir_js/-/noir_js-1.0.0-beta.13-f666b6e.nightly.tgz#0c18f467e58cbface141669372c1afc19f3d54ad"
    integrity sha512-sVAyGDMvAivQbhbt1/ajeQkbMHMajUqaneGJCaONVCB36AvWPRehTZV/OBOglsz5kI8MD6Z3wVGUHLKpJUmqZA==
    dependencies:
      "@noir-lang/acvm_js" "1.0.0-beta.13-f666b6e.nightly"
      "@noir-lang/noirc_abi" "1.0.0-beta.13-f666b6e.nightly"
      "@noir-lang/types" "1.0.0-beta.13-f666b6e.nightly"
      pako "^2.1.0"
  
  "@noir-lang/noirc_abi@1.0.0-beta.13-f666b6e.nightly":
    version "1.0.0-beta.13-f666b6e.nightly"
    resolved "https://registry.yarnpkg.com/@noir-lang/noirc_abi/-/noirc_abi-1.0.0-beta.13-f666b6e.nightly.tgz#c5420d6c3e1af3844a733a58363c2eb7434a924e"
    integrity sha512-DBbJgUo6nRPAltJOsfZ+a+yTvkTT2j/lp4BGyk3yKagW/B9R5Qg7WriSUvKr5tNOSpzJCknETxJqJXEhajh/Hg==
    dependencies:
      "@noir-lang/types" "1.0.0-beta.13-f666b6e.nightly"
  
  "@noir-lang/types@1.0.0-beta.13-f666b6e.nightly":
    version "1.0.0-beta.13-f666b6e.nightly"
    resolved "https://registry.yarnpkg.com/@noir-lang/types/-/types-1.0.0-beta.13-f666b6e.nightly.tgz#a247e0e7e09a6c04f0e41045a5a2fa236881d0f5"
    integrity sha512-qROtNWatbLY70DPy/1DvWYsV6xLA2AK5+5C8E8D4vY4pgWVnqY0LtiTGfZnP/9UaurmjIpibp+aN2sT4ud414w==
  
  "@nomicfoundation/edr-darwin-arm64@0.12.0-next.7":
    version "0.12.0-next.7"
    resolved "https://registry.yarnpkg.com/@nomicfoundation/edr-darwin-arm64/-/edr-darwin-arm64-0.12.0-next.7.tgz#56bb4dc96ae1e61431b0e53d46adffce9d6045a4"
    integrity sha512-i3TVHIqZJAXqUh3nR9rlAx/fUrWQDXRtJhEtM9ZwgmKQMYO5+QmcmcA58qo/Yw3xb44hOk1TX9JgSkpjCIhgaQ==
  
  "@nomicfoundation/edr-darwin-x64@0.12.0-next.7":
    version "0.12.0-next.7"
    resolved "https://registry.yarnpkg.com/@nomicfoundation/edr-darwin-x64/-/edr-darwin-x64-0.12.0-next.7.tgz#7a94b02b4799f68062386b0501f6866ef712de91"
    integrity sha512-vvoBA5nowhd56iPbDtDsIq+ZBHHWP4pwUC34zi0Eq7SSofll7MVm6KKYcEPrUsrjPtCWqswv6dnuuVJYS8U+kg==
  
  "@nomicfoundation/edr-linux-arm64-gnu@0.12.0-next.7":
    version "0.12.0-next.7"
    resolved "https://registry.yarnpkg.com/@nomicfoundation/edr-linux-arm64-gnu/-/edr-linux-arm64-gnu-0.12.0-next.7.tgz#51fc825269afe338ea5e89f91974f65e8a092825"
    integrity sha512-pXzAYhcVR+3udnylfNk4q/YUOMthhozUB/KxMV6V2oXX3X/SujB03m8JnoeUKsqVIVILbN9PVYz3V6rCjZg84g==
  
  "@nomicfoundation/edr-linux-arm64-musl@0.12.0-next.7":
    version "0.12.0-next.7"
    resolved "https://registry.yarnpkg.com/@nomicfoundation/edr-linux-arm64-musl/-/edr-linux-arm64-musl-0.12.0-next.7.tgz#670cb643332fa95e4077085b08eb46bf70ce86b9"
    integrity sha512-Ny463r0bZ97hfvCBpPZieDpPCuq9RXk3vrCTjCa8uHg+Tu8Prx3MvutbP1lJi5klO5qPVot+aikBgVZ+D0dG2g==
  
  "@nomicfoundation/edr-linux-x64-gnu@0.12.0-next.7":
    version "0.12.0-next.7"
    resolved "https://registry.yarnpkg.com/@nomicfoundation/edr-linux-x64-gnu/-/edr-linux-x64-gnu-0.12.0-next.7.tgz#c023fc725e52b40f6083404ff23c105722040073"
    integrity sha512-ST676U0TDc1Jh6U237a/NgcoxOh828T5+zrVNz7IENdMw6liZ4F/ubBZc+3MVtOqPFzPpIItz02DDjr+KhEISw==
  
  "@nomicfoundation/edr-linux-x64-musl@0.12.0-next.7":
    version "0.12.0-next.7"
    resolved "https://registry.yarnpkg.com/@nomicfoundation/edr-linux-x64-musl/-/edr-linux-x64-musl-0.12.0-next.7.tgz#197fb2c145867b851e176cf8848bb2cc086efd6f"
    integrity sha512-wCPFuf6bHH34fM0lClHuUoH57hJW/Rwh1TB0MqlZaiMhxPxdwVws28bAm4Rxr3OO7qNFn89pvG4yOhBcEqPdDg==
  
  "@nomicfoundation/edr-win32-x64-msvc@0.12.0-next.7":
    version "0.12.0-next.7"
    resolved "https://registry.yarnpkg.com/@nomicfoundation/edr-win32-x64-msvc/-/edr-win32-x64-msvc-0.12.0-next.7.tgz#3584eb3c2f05083f5f0487453e7f55c829296e50"
    integrity sha512-nhyPbpnKoZcKRsAciE4DNF0IDltBh7cuAgWGdtJt/TTwQcWTYdEeb6iYRlXGI9eUsFdhrnvwIRN7bKfkOBDbCQ==
  
  "@nomicfoundation/edr@0.12.0-next.7":
    version "0.12.0-next.7"
    resolved "https://registry.yarnpkg.com/@nomicfoundation/edr/-/edr-0.12.0-next.7.tgz#d3f3a7258b71a431e0e5813c6a95946e36f3dd32"
    integrity sha512-w8blgst1EHXuvjYNSEkTYRFNiqYWi7T2+OurJasQI8W+uOYKeIFY5m9GPTwbMgeS+5Q/8QW1vLyxiR8RDHEvqA==
    optionalDependencies:
      "@nomicfoundation/edr-darwin-arm64" "0.12.0-next.7"
      "@nomicfoundation/edr-darwin-x64" "0.12.0-next.7"
      "@nomicfoundation/edr-linux-arm64-gnu" "0.12.0-next.7"
      "@nomicfoundation/edr-linux-arm64-musl" "0.12.0-next.7"
      "@nomicfoundation/edr-linux-x64-gnu" "0.12.0-next.7"
      "@nomicfoundation/edr-linux-x64-musl" "0.12.0-next.7"
      "@nomicfoundation/edr-win32-x64-msvc" "0.12.0-next.7"
  
  "@nomicfoundation/hardhat-errors@^3.0.0", "@nomicfoundation/hardhat-errors@^3.0.3":
    version "3.0.3"
    resolved "https://registry.yarnpkg.com/@nomicfoundation/hardhat-errors/-/hardhat-errors-3.0.3.tgz#8a03243de5c89e15865e6392d4eb158cf4945179"
    integrity sha512-qvVIyNE5yXFdwCD7G74fb3j+p5PjYSej/K2mhOuJBhxdGwzARpyoJbcDZrjkNyabytlt95iniZLHHWM9jvVXEA==
    dependencies:
      "@nomicfoundation/hardhat-utils" "^3.0.1"
  
  "@nomicfoundation/hardhat-utils@^3.0.1", "@nomicfoundation/hardhat-utils@^3.0.2", "@nomicfoundation/hardhat-utils@^3.0.3":
    version "3.0.3"
    resolved "https://registry.yarnpkg.com/@nomicfoundation/hardhat-utils/-/hardhat-utils-3.0.3.tgz#83dfa2c841d0900b3bbe5ae3e60f3e23e49d46a0"
    integrity sha512-XNoDJshvGR3l8/oQdNoLPLlcv+P+mGZBLixCyuO8Q0wTIyH/1+KYI77E+yvgTyw+GG4UmldFw9R3Hmnemk3KCA==
    dependencies:
      "@streamparser/json-node" "^0.0.22"
      debug "^4.3.2"
      env-paths "^2.2.0"
      ethereum-cryptography "^2.2.1"
      fast-equals "^5.0.1"
      json-stream-stringify "^3.1.6"
      rfdc "^1.3.1"
      undici "^6.16.1"
  
  "@nomicfoundation/hardhat-zod-utils@^3.0.1":
    version "3.0.1"
    resolved "https://registry.yarnpkg.com/@nomicfoundation/hardhat-zod-utils/-/hardhat-zod-utils-3.0.1.tgz#eef36a0968be49aa67f2195aa7050c697b596d45"
    integrity sha512-I6/pyYiS9p2lLkzQuedr1ScMocH+ew8l233xTi+LP92gjEiviJDxselpkzgU01MUM0t6BPpfP8yMO958LDEJVg==
    dependencies:
      "@nomicfoundation/hardhat-errors" "^3.0.0"
      "@nomicfoundation/hardhat-utils" "^3.0.2"
  
  "@nomicfoundation/solidity-analyzer-darwin-arm64@0.1.2":
    version "0.1.2"
    resolved "https://registry.yarnpkg.com/@nomicfoundation/solidity-analyzer-darwin-arm64/-/solidity-analyzer-darwin-arm64-0.1.2.tgz#3a9c3b20d51360b20affb8f753e756d553d49557"
    integrity sha512-JaqcWPDZENCvm++lFFGjrDd8mxtf+CtLd2MiXvMNTBD33dContTZ9TWETwNFwg7JTJT5Q9HEecH7FA+HTSsIUw==
  
  "@nomicfoundation/solidity-analyzer-darwin-x64@0.1.2":
    version "0.1.2"
    resolved "https://registry.yarnpkg.com/@nomicfoundation/solidity-analyzer-darwin-x64/-/solidity-analyzer-darwin-x64-0.1.2.tgz#74dcfabeb4ca373d95bd0d13692f44fcef133c28"
    integrity sha512-fZNmVztrSXC03e9RONBT+CiksSeYcxI1wlzqyr0L7hsQlK1fzV+f04g2JtQ1c/Fe74ZwdV6aQBdd6Uwl1052sw==
  
  "@nomicfoundation/solidity-analyzer-linux-arm64-gnu@0.1.2":
    version "0.1.2"
    resolved "https://registry.yarnpkg.com/@nomicfoundation/solidity-analyzer-linux-arm64-gnu/-/solidity-analyzer-linux-arm64-gnu-0.1.2.tgz#4af5849a89e5a8f511acc04f28eb5d4460ba2b6a"
    integrity sha512-3d54oc+9ZVBuB6nbp8wHylk4xh0N0Gc+bk+/uJae+rUgbOBwQSfuGIbAZt1wBXs5REkSmynEGcqx6DutoK0tPA==
  
  "@nomicfoundation/solidity-analyzer-linux-arm64-musl@0.1.2":
    version "0.1.2"
    resolved "https://registry.yarnpkg.com/@nomicfoundation/solidity-analyzer-linux-arm64-musl/-/solidity-analyzer-linux-arm64-musl-0.1.2.tgz#54036808a9a327b2ff84446c130a6687ee702a8e"
    integrity sha512-iDJfR2qf55vgsg7BtJa7iPiFAsYf2d0Tv/0B+vhtnI16+wfQeTbP7teookbGvAo0eJo7aLLm0xfS/GTkvHIucA==
  
  "@nomicfoundation/solidity-analyzer-linux-x64-gnu@0.1.2":
    version "0.1.2"
    resolved "https://registry.yarnpkg.com/@nomicfoundation/solidity-analyzer-linux-x64-gnu/-/solidity-analyzer-linux-x64-gnu-0.1.2.tgz#466cda0d6e43691986c944b909fc6dbb8cfc594e"
    integrity sha512-9dlHMAt5/2cpWyuJ9fQNOUXFB/vgSFORg1jpjX1Mh9hJ/MfZXlDdHQ+DpFCs32Zk5pxRBb07yGvSHk9/fezL+g==
  
  "@nomicfoundation/solidity-analyzer-linux-x64-musl@0.1.2":
    version "0.1.2"
    resolved "https://registry.yarnpkg.com/@nomicfoundation/solidity-analyzer-linux-x64-musl/-/solidity-analyzer-linux-x64-musl-0.1.2.tgz#2b35826987a6e94444140ac92310baa088ee7f94"
    integrity sha512-GzzVeeJob3lfrSlDKQw2bRJ8rBf6mEYaWY+gW0JnTDHINA0s2gPR4km5RLIj1xeZZOYz4zRw+AEeYgLRqB2NXg==
  
  "@nomicfoundation/solidity-analyzer-win32-x64-msvc@0.1.2":
    version "0.1.2"
    resolved "https://registry.yarnpkg.com/@nomicfoundation/solidity-analyzer-win32-x64-msvc/-/solidity-analyzer-win32-x64-msvc-0.1.2.tgz#e6363d13b8709ca66f330562337dbc01ce8bbbd9"
    integrity sha512-Fdjli4DCcFHb4Zgsz0uEJXZ2K7VEO+w5KVv7HmT7WO10iODdU9csC2az4jrhEsRtiR9Gfd74FlG0NYlw1BMdyA==
  
  "@nomicfoundation/solidity-analyzer@^0.1.1":
    version "0.1.2"
    resolved "https://registry.yarnpkg.com/@nomicfoundation/solidity-analyzer/-/solidity-analyzer-0.1.2.tgz#8bcea7d300157bf3a770a851d9f5c5e2db34ac55"
    integrity sha512-q4n32/FNKIhQ3zQGGw5CvPF6GTvDCpYwIf7bEY/dZTZbgfDsHyjJwURxUJf3VQuuJj+fDIFl4+KkBVbw4Ef6jA==
    optionalDependencies:
      "@nomicfoundation/solidity-analyzer-darwin-arm64" "0.1.2"
      "@nomicfoundation/solidity-analyzer-darwin-x64" "0.1.2"
      "@nomicfoundation/solidity-analyzer-linux-arm64-gnu" "0.1.2"
      "@nomicfoundation/solidity-analyzer-linux-arm64-musl" "0.1.2"
      "@nomicfoundation/solidity-analyzer-linux-x64-gnu" "0.1.2"
      "@nomicfoundation/solidity-analyzer-linux-x64-musl" "0.1.2"
      "@nomicfoundation/solidity-analyzer-win32-x64-msvc" "0.1.2"
  
  "@openzeppelin/contracts@^5.2.0":
    version "5.4.0"
    resolved "https://registry.yarnpkg.com/@openzeppelin/contracts/-/contracts-5.4.0.tgz#177594bdb2d86c71f5d1052fe40cb4edb95fb20f"
    integrity sha512-eCYgWnLg6WO+X52I16TZt8uEjbtdkgLC0SUX/xnAksjjrQI4Xfn4iBRoI5j55dmlOhDv1Y7BoR3cU7e3WWhC6A==
  
  "@pinojs/redact@^0.4.0":
    version "0.4.0"
    resolved "https://registry.yarnpkg.com/@pinojs/redact/-/redact-0.4.0.tgz#c3de060dd12640dcc838516aa2a6803cc7b2e9d6"
    integrity sha512-k2ENnmBugE/rzQfEcdWHcCY+/FM3VLzH9cYEsbdsoqrvzAKRhUZeRNhAZvB8OitQJ1TBed3yqWtdjzS6wJKBwg==
  
  "@rollup/rollup-android-arm-eabi@4.52.5":
    version "4.52.5"
    resolved "https://registry.yarnpkg.com/@rollup/rollup-android-arm-eabi/-/rollup-android-arm-eabi-4.52.5.tgz#0f44a2f8668ed87b040b6fe659358ac9239da4db"
    integrity sha512-8c1vW4ocv3UOMp9K+gToY5zL2XiiVw3k7f1ksf4yO1FlDFQ1C2u72iACFnSOceJFsWskc2WZNqeRhFRPzv+wtQ==
  
  "@rollup/rollup-android-arm64@4.52.5":
    version "4.52.5"
    resolved "https://registry.yarnpkg.com/@rollup/rollup-android-arm64/-/rollup-android-arm64-4.52.5.tgz#25b9a01deef6518a948431564c987bcb205274f5"
    integrity sha512-mQGfsIEFcu21mvqkEKKu2dYmtuSZOBMmAl5CFlPGLY94Vlcm+zWApK7F/eocsNzp8tKmbeBP8yXyAbx0XHsFNA==
  
  "@rollup/rollup-darwin-arm64@4.52.5":
    version "4.52.5"
    resolved "https://registry.yarnpkg.com/@rollup/rollup-darwin-arm64/-/rollup-darwin-arm64-4.52.5.tgz#8a102869c88f3780c7d5e6776afd3f19084ecd7f"
    integrity sha512-takF3CR71mCAGA+v794QUZ0b6ZSrgJkArC+gUiG6LB6TQty9T0Mqh3m2ImRBOxS2IeYBo4lKWIieSvnEk2OQWA==
  
  "@rollup/rollup-darwin-x64@4.52.5":
    version "4.52.5"
    resolved "https://registry.yarnpkg.com/@rollup/rollup-darwin-x64/-/rollup-darwin-x64-4.52.5.tgz#8e526417cd6f54daf1d0c04cf361160216581956"
    integrity sha512-W901Pla8Ya95WpxDn//VF9K9u2JbocwV/v75TE0YIHNTbhqUTv9w4VuQ9MaWlNOkkEfFwkdNhXgcLqPSmHy0fA==
  
  "@rollup/rollup-freebsd-arm64@4.52.5":
    version "4.52.5"
    resolved "https://registry.yarnpkg.com/@rollup/rollup-freebsd-arm64/-/rollup-freebsd-arm64-4.52.5.tgz#0e7027054493f3409b1f219a3eac5efd128ef899"
    integrity sha512-QofO7i7JycsYOWxe0GFqhLmF6l1TqBswJMvICnRUjqCx8b47MTo46W8AoeQwiokAx3zVryVnxtBMcGcnX12LvA==
  
  "@rollup/rollup-freebsd-x64@4.52.5":
    version "4.52.5"
    resolved "https://registry.yarnpkg.com/@rollup/rollup-freebsd-x64/-/rollup-freebsd-x64-4.52.5.tgz#72b204a920139e9ec3d331bd9cfd9a0c248ccb10"
    integrity sha512-jr21b/99ew8ujZubPo9skbrItHEIE50WdV86cdSoRkKtmWa+DDr6fu2c/xyRT0F/WazZpam6kk7IHBerSL7LDQ==
  
  "@rollup/rollup-linux-arm-gnueabihf@4.52.5":
    version "4.52.5"
    resolved "https://registry.yarnpkg.com/@rollup/rollup-linux-arm-gnueabihf/-/rollup-linux-arm-gnueabihf-4.52.5.tgz#ab1b522ebe5b7e06c99504cc38f6cd8b808ba41c"
    integrity sha512-PsNAbcyv9CcecAUagQefwX8fQn9LQ4nZkpDboBOttmyffnInRy8R8dSg6hxxl2Re5QhHBf6FYIDhIj5v982ATQ==
  
  "@rollup/rollup-linux-arm-musleabihf@4.52.5":
    version "4.52.5"
    resolved "https://registry.yarnpkg.com/@rollup/rollup-linux-arm-musleabihf/-/rollup-linux-arm-musleabihf-4.52.5.tgz#f8cc30b638f1ee7e3d18eac24af47ea29d9beb00"
    integrity sha512-Fw4tysRutyQc/wwkmcyoqFtJhh0u31K+Q6jYjeicsGJJ7bbEq8LwPWV/w0cnzOqR2m694/Af6hpFayLJZkG2VQ==
  
  "@rollup/rollup-linux-arm64-gnu@4.52.5":
    version "4.52.5"
    resolved "https://registry.yarnpkg.com/@rollup/rollup-linux-arm64-gnu/-/rollup-linux-arm64-gnu-4.52.5.tgz#7af37a9e85f25db59dc8214172907b7e146c12cc"
    integrity sha512-a+3wVnAYdQClOTlyapKmyI6BLPAFYs0JM8HRpgYZQO02rMR09ZcV9LbQB+NL6sljzG38869YqThrRnfPMCDtZg==
  
  "@rollup/rollup-linux-arm64-musl@4.52.5":
    version "4.52.5"
    resolved "https://registry.yarnpkg.com/@rollup/rollup-linux-arm64-musl/-/rollup-linux-arm64-musl-4.52.5.tgz#a623eb0d3617c03b7a73716eb85c6e37b776f7e0"
    integrity sha512-AvttBOMwO9Pcuuf7m9PkC1PUIKsfaAJ4AYhy944qeTJgQOqJYJ9oVl2nYgY7Rk0mkbsuOpCAYSs6wLYB2Xiw0Q==
  
  "@rollup/rollup-linux-loong64-gnu@4.52.5":
    version "4.52.5"
    resolved "https://registry.yarnpkg.com/@rollup/rollup-linux-loong64-gnu/-/rollup-linux-loong64-gnu-4.52.5.tgz#76ea038b549c5c6c5f0d062942627c4066642ee2"
    integrity sha512-DkDk8pmXQV2wVrF6oq5tONK6UHLz/XcEVow4JTTerdeV1uqPeHxwcg7aFsfnSm9L+OO8WJsWotKM2JJPMWrQtA==
  
  "@rollup/rollup-linux-ppc64-gnu@4.52.5":
    version "4.52.5"
    resolved "https://registry.yarnpkg.com/@rollup/rollup-linux-ppc64-gnu/-/rollup-linux-ppc64-gnu-4.52.5.tgz#d9a4c3f0a3492bc78f6fdfe8131ac61c7359ccd5"
    integrity sha512-W/b9ZN/U9+hPQVvlGwjzi+Wy4xdoH2I8EjaCkMvzpI7wJUs8sWJ03Rq96jRnHkSrcHTpQe8h5Tg3ZzUPGauvAw==
  
  "@rollup/rollup-linux-riscv64-gnu@4.52.5":
    version "4.52.5"
    resolved "https://registry.yarnpkg.com/@rollup/rollup-linux-riscv64-gnu/-/rollup-linux-riscv64-gnu-4.52.5.tgz#87ab033eebd1a9a1dd7b60509f6333ec1f82d994"
    integrity sha512-sjQLr9BW7R/ZiXnQiWPkErNfLMkkWIoCz7YMn27HldKsADEKa5WYdobaa1hmN6slu9oWQbB6/jFpJ+P2IkVrmw==
  
  "@rollup/rollup-linux-riscv64-musl@4.52.5":
    version "4.52.5"
    resolved "https://registry.yarnpkg.com/@rollup/rollup-linux-riscv64-musl/-/rollup-linux-riscv64-musl-4.52.5.tgz#bda3eb67e1c993c1ba12bc9c2f694e7703958d9f"
    integrity sha512-hq3jU/kGyjXWTvAh2awn8oHroCbrPm8JqM7RUpKjalIRWWXE01CQOf/tUNWNHjmbMHg/hmNCwc/Pz3k1T/j/Lg==
  
  "@rollup/rollup-linux-s390x-gnu@4.52.5":
    version "4.52.5"
    resolved "https://registry.yarnpkg.com/@rollup/rollup-linux-s390x-gnu/-/rollup-linux-s390x-gnu-4.52.5.tgz#f7bc10fbe096ab44694233dc42a2291ed5453d4b"
    integrity sha512-gn8kHOrku8D4NGHMK1Y7NA7INQTRdVOntt1OCYypZPRt6skGbddska44K8iocdpxHTMMNui5oH4elPH4QOLrFQ==
  
  "@rollup/rollup-linux-x64-gnu@4.52.5":
    version "4.52.5"
    resolved "https://registry.yarnpkg.com/@rollup/rollup-linux-x64-gnu/-/rollup-linux-x64-gnu-4.52.5.tgz#a151cb1234cc9b2cf5e8cfc02aa91436b8f9e278"
    integrity sha512-hXGLYpdhiNElzN770+H2nlx+jRog8TyynpTVzdlc6bndktjKWyZyiCsuDAlpd+j+W+WNqfcyAWz9HxxIGfZm1Q==
  
  "@rollup/rollup-linux-x64-musl@4.52.5":
    version "4.52.5"
    resolved "https://registry.yarnpkg.com/@rollup/rollup-linux-x64-musl/-/rollup-linux-x64-musl-4.52.5.tgz#7859e196501cc3b3062d45d2776cfb4d2f3a9350"
    integrity sha512-arCGIcuNKjBoKAXD+y7XomR9gY6Mw7HnFBv5Rw7wQRvwYLR7gBAgV7Mb2QTyjXfTveBNFAtPt46/36vV9STLNg==
  
  "@rollup/rollup-openharmony-arm64@4.52.5":
    version "4.52.5"
    resolved "https://registry.yarnpkg.com/@rollup/rollup-openharmony-arm64/-/rollup-openharmony-arm64-4.52.5.tgz#85d0df7233734df31e547c1e647d2a5300b3bf30"
    integrity sha512-QoFqB6+/9Rly/RiPjaomPLmR/13cgkIGfA40LHly9zcH1S0bN2HVFYk3a1eAyHQyjs3ZJYlXvIGtcCs5tko9Cw==
  
  "@rollup/rollup-win32-arm64-msvc@4.52.5":
    version "4.52.5"
    resolved "https://registry.yarnpkg.com/@rollup/rollup-win32-arm64-msvc/-/rollup-win32-arm64-msvc-4.52.5.tgz#e62357d00458db17277b88adbf690bb855cac937"
    integrity sha512-w0cDWVR6MlTstla1cIfOGyl8+qb93FlAVutcor14Gf5Md5ap5ySfQ7R9S/NjNaMLSFdUnKGEasmVnu3lCMqB7w==
  
  "@rollup/rollup-win32-ia32-msvc@4.52.5":
    version "4.52.5"
    resolved "https://registry.yarnpkg.com/@rollup/rollup-win32-ia32-msvc/-/rollup-win32-ia32-msvc-4.52.5.tgz#fc7cd40f44834a703c1f1c3fe8bcc27ce476cd50"
    integrity sha512-Aufdpzp7DpOTULJCuvzqcItSGDH73pF3ko/f+ckJhxQyHtp67rHw3HMNxoIdDMUITJESNE6a8uh4Lo4SLouOUg==
  
  "@rollup/rollup-win32-x64-gnu@4.52.5":
    version "4.52.5"
    resolved "https://registry.yarnpkg.com/@rollup/rollup-win32-x64-gnu/-/rollup-win32-x64-gnu-4.52.5.tgz#1a22acfc93c64a64a48c42672e857ee51774d0d3"
    integrity sha512-UGBUGPFp1vkj6p8wCRraqNhqwX/4kNQPS57BCFc8wYh0g94iVIW33wJtQAx3G7vrjjNtRaxiMUylM0ktp/TRSQ==
  
  "@rollup/rollup-win32-x64-msvc@4.52.5":
    version "4.52.5"
    resolved "https://registry.yarnpkg.com/@rollup/rollup-win32-x64-msvc/-/rollup-win32-x64-msvc-4.52.5.tgz#1657f56326bbe0ac80eedc9f9c18fc1ddd24e107"
    integrity sha512-TAcgQh2sSkykPRWLrdyy2AiceMckNf5loITqXxFI5VuQjS5tSuw3WlwdN8qv8vzjLAUTvYaH/mVjSFpbkFbpTg==
  
  "@scure/base@~1.1.6":
    version "1.1.9"
    resolved "https://registry.yarnpkg.com/@scure/base/-/base-1.1.9.tgz#e5e142fbbfe251091f9c5f1dd4c834ac04c3dbd1"
    integrity sha512-8YKhl8GHiNI/pU2VMaofa2Tor7PJRAjwQLBBuilkJ9L5+13yVbC7JO/wS7piioAvPSwR3JKM1IJ/u4xQzbcXKg==
  
  "@scure/base@~1.2.5":
    version "1.2.6"
    resolved "https://registry.yarnpkg.com/@scure/base/-/base-1.2.6.tgz#ca917184b8231394dd8847509c67a0be522e59f6"
    integrity sha512-g/nm5FgUa//MCj1gV09zTJTaM6KBAHqLN907YVQqf7zC49+DcO4B1so4ZX07Ef10Twr6nuqYEH9GEggFXA4Fmg==
  
  "@scure/bip32@1.4.0":
    version "1.4.0"
    resolved "https://registry.yarnpkg.com/@scure/bip32/-/bip32-1.4.0.tgz#4e1f1e196abedcef395b33b9674a042524e20d67"
    integrity sha512-sVUpc0Vq3tXCkDGYVWGIZTRfnvu8LoTDaev7vbwh0omSvVORONr960MQWdKqJDCReIEmTj3PAr73O3aoxz7OPg==
    dependencies:
      "@noble/curves" "~1.4.0"
      "@noble/hashes" "~1.4.0"
      "@scure/base" "~1.1.6"
  
  "@scure/bip32@1.7.0", "@scure/bip32@^1.7.0":
    version "1.7.0"
    resolved "https://registry.yarnpkg.com/@scure/bip32/-/bip32-1.7.0.tgz#b8683bab172369f988f1589640e53c4606984219"
    integrity sha512-E4FFX/N3f4B80AKWp5dP6ow+flD1LQZo/w8UnLGYZO674jS6YnYeepycOOksv+vLPSpgN35wgKgy+ybfTb2SMw==
    dependencies:
      "@noble/curves" "~1.9.0"
      "@noble/hashes" "~1.8.0"
      "@scure/base" "~1.2.5"
  
  "@scure/bip39@1.3.0":
    version "1.3.0"
    resolved "https://registry.yarnpkg.com/@scure/bip39/-/bip39-1.3.0.tgz#0f258c16823ddd00739461ac31398b4e7d6a18c3"
    integrity sha512-disdg7gHuTDZtY+ZdkmLpPCk7fxZSu3gBiEGuoC1XYxv9cGx3Z6cpTggCgW6odSOOIXCiDjuGejW+aJKCY/pIQ==
    dependencies:
      "@noble/hashes" "~1.4.0"
      "@scure/base" "~1.1.6"
  
  "@scure/bip39@1.6.0", "@scure/bip39@^1.6.0":
    version "1.6.0"
    resolved "https://registry.yarnpkg.com/@scure/bip39/-/bip39-1.6.0.tgz#475970ace440d7be87a6086cbee77cb8f1a684f9"
    integrity sha512-+lF0BbLiJNwVlev4eKelw1WWLaiKXw7sSl8T6FvBlWkdX+94aGJ4o8XjUdlyhTCjd8c+B3KT3JfS8P0bLRNU6A==
    dependencies:
      "@noble/hashes" "~1.8.0"
      "@scure/base" "~1.2.5"
  
  "@sentry/core@^9.4.0":
    version "9.46.0"
    resolved "https://registry.yarnpkg.com/@sentry/core/-/core-9.46.0.tgz#be4824d8b028b3184f9a05be9b232c9440cb35ac"
    integrity sha512-it7JMFqxVproAgEtbLgCVBYtQ9fIb+Bu0JD+cEplTN/Ukpe6GaolyYib5geZqslVxhp2sQgT+58aGvfd/k0N8Q==
  
  "@streamparser/json-node@^0.0.22":
    version "0.0.22"
    resolved "https://registry.yarnpkg.com/@streamparser/json-node/-/json-node-0.0.22.tgz#cee66bb2f175e41abf83574dc7d6fe9c997d94d5"
    integrity sha512-sJT2ptNRwqB1lIsQrQlCoWk5rF4tif9wDh+7yluAGijJamAhrHGYpFB/Zg3hJeceoZypi74ftXk8DHzwYpbZSg==
    dependencies:
      "@streamparser/json" "^0.0.22"
  
  "@streamparser/json@^0.0.22":
    version "0.0.22"
    resolved "https://registry.yarnpkg.com/@streamparser/json/-/json-0.0.22.tgz#8ddcbcc8c3ca77aeadf80af47f54a64c8739a037"
    integrity sha512-b6gTSBjJ8G8SuO3Gbbj+zXbVx8NSs1EbpbMKpzGLWMdkR+98McH9bEjSz3+0mPJf68c5nxa3CrJHp5EQNXM6zQ==
  
  "@types/estree@1.0.8":
    version "1.0.8"
    resolved "https://registry.yarnpkg.com/@types/estree/-/estree-1.0.8.tgz#958b91c991b1867ced318bedea0e215ee050726e"
    integrity sha512-dWHzHa2WqEXI/O1E9OjrocMTKJl2mSrEolh1Iomrv6U+JuNwaHXsXx9bLu5gG7BUWFIN0skIQJQ/L1rIex4X6w==
  
  "@warptoad/gigabridge-js@0.0.0":
    version "0.0.0"
    resolved "https://registry.yarnpkg.com/@warptoad/gigabridge-js/-/gigabridge-js-0.0.0.tgz#ca851492495ebaab750fe6fab21462940ee8c124"
    integrity sha512-dRFE+xdQT86Sh9pO6LuASdYW5HhEVygW99Xwd829CWXcAI1+uMhG1Yl1+cuvqTpCjDbHi8L9ukrar4YzESQFUA==
    dependencies:
      "@zk-kit/imt" "^2.0.0-beta.8"
      "@zkpassport/poseidon2" "^0.6.2"
      viem "^2.37.2"
  
  "@zk-kit/imt@^2.0.0-beta.8":
    version "2.0.0-beta.8"
    resolved "https://registry.yarnpkg.com/@zk-kit/imt/-/imt-2.0.0-beta.8.tgz#7ef889f91665ed43383096bcdcfab9cd4a3f9e51"
    integrity sha512-E6woWWhX+NaDZuB6x932DJ5OACN9zsZZLurcUATyFH6SU+bEn5AX4sW6jfVIAQ1fnKsNOG0qHJtlw3ivwbOmWQ==
    dependencies:
      "@zk-kit/utils" "1.3.0"
  
  "@zk-kit/utils@1.3.0":
    version "1.3.0"
    resolved "https://registry.yarnpkg.com/@zk-kit/utils/-/utils-1.3.0.tgz#01afccc4dacc9a971686f41417c93778e119a966"
    integrity sha512-Gqsq5KLDf2WPuZSsNc2KZy25XeK5d5UV9hwLaPEM5wq+GD2qCi1ZBFzNs0OptiJ9GRGtP2J/xptrszWri+pRqQ==
    dependencies:
      buffer "^6.0.3"
  
  "@zkpassport/poseidon2@^0.6.2":
    version "0.6.2"
    resolved "https://registry.yarnpkg.com/@zkpassport/poseidon2/-/poseidon2-0.6.2.tgz#2dd865864f1afd25169b63d64eb89a634f91301a"
    integrity sha512-6sFHX9kAcrmDmBEEndvjZ8DA9FomunirQ5oCV6oD7bqr/lP0n0OBSRn86SZgQBXwRR+vq7sk16y31OgRBIOJ5Q==
  
  abitype@1.1.0:
    version "1.1.0"
    resolved "https://registry.yarnpkg.com/abitype/-/abitype-1.1.0.tgz#510c5b3f92901877977af5e864841f443bf55406"
    integrity sha512-6Vh4HcRxNMLA0puzPjM5GBgT4aAcFGKZzSgAXvuZ27shJP6NEpielTuqbBmZILR5/xd0PizkBGy5hReKz9jl5A==
  
  abitype@^1.0.9:
    version "1.1.1"
    resolved "https://registry.yarnpkg.com/abitype/-/abitype-1.1.1.tgz#b50ed400f8bfca5452eb4033445c309d3e1117c8"
    integrity sha512-Loe5/6tAgsBukY95eGaPSDmQHIjRZYQq8PB1MpsNccDIK8WiV+Uw6WzaIXipvaxTEL2yEB0OpEaQv3gs8pkS9Q==
  
  adm-zip@^0.4.16:
    version "0.4.16"
    resolved "https://registry.yarnpkg.com/adm-zip/-/adm-zip-0.4.16.tgz#cf4c508fdffab02c269cbc7f471a875f05570365"
    integrity sha512-TFi4HBKSGfIKsK5YCkKaaFG2m4PEDyViZmEwof3MTIgzimHLto6muaHVpbrljdIvIrFZzEq/p4nafOeLcYegrg==
  
  ansi-colors@^4.1.1:
    version "4.1.3"
    resolved "https://registry.yarnpkg.com/ansi-colors/-/ansi-colors-4.1.3.tgz#37611340eb2243e70cc604cad35d63270d48781b"
    integrity sha512-/6w/C21Pm1A7aZitlI5Ni/2J6FFQN8i1Cvz3kHABAAbw93v/NlvKdVOqz7CCWz/3iv/JplRSEEZ83XION15ovw==
  
  ansi-regex@^5.0.1:
    version "5.0.1"
    resolved "https://registry.yarnpkg.com/ansi-regex/-/ansi-regex-5.0.1.tgz#082cb2c89c9fe8659a311a53bd6a4dc5301db304"
    integrity sha512-quJQXlTSUGL2LH9SUXo8VwsY4soanhgo6LNSm84E1LBcE8s3O0wpdiRzyR9z/ZZJMlMWv37qOOb9pdJlMUEKFQ==
  
  args-parser@^1.3.0:
    version "1.3.0"
    resolved "https://registry.yarnpkg.com/args-parser/-/args-parser-1.3.0.tgz#c52280e7a454df00ff35bc37ab7cfb543f28d304"
    integrity sha512-If3Zi4BSjlQIJ9fgAhSiKi0oJtgMzSqh0H4wvl7XSeO16FKx7QqaHld8lZeEajPX7y1C5qKKeNgyrfyvmjmjUQ==
  
  atomic-sleep@^1.0.0:
    version "1.0.0"
    resolved "https://registry.yarnpkg.com/atomic-sleep/-/atomic-sleep-1.0.0.tgz#eb85b77a601fc932cfe432c5acd364a9e2c9075b"
    integrity sha512-kNOjDqAh7px0XWNI+4QbzoiR/nTkHAWNud2uvnJquD1/x5a7EQZMJT0AczqK0Qn67oY/TTQ1LbUKajZpp3I9tQ==
  
  base64-js@^1.3.1:
    version "1.5.1"
    resolved "https://registry.yarnpkg.com/base64-js/-/base64-js-1.5.1.tgz#1b1b440160a5bf7ad40b650f095963481903930a"
    integrity sha512-AKpaYlHn8t4SVbOHCy+b5+KKgvR4vrsD8vbvrbiQJps7fKDTkjkDry6ji0rUJjC0kzbNePLwzxq8iypo41qeWA==
  
  buffer@^6.0.3:
    version "6.0.3"
    resolved "https://registry.yarnpkg.com/buffer/-/buffer-6.0.3.tgz#2ace578459cc8fbe2a70aaa8f52ee63b6a74c6c6"
    integrity sha512-FTiCpNxtwiZZHEZbcbTIcZjERVICn9yq/pDFkTl95/AxzD1naBctN7YO68riM/gLSDY7sdrMby8hofADYuuqOA==
    dependencies:
      base64-js "^1.3.1"
      ieee754 "^1.2.1"
  
  chalk@^5.3.0:
    version "5.6.2"
    resolved "https://registry.yarnpkg.com/chalk/-/chalk-5.6.2.tgz#b1238b6e23ea337af71c7f8a295db5af0c158aea"
    integrity sha512-7NzBL0rN6fMUW+f7A6Io4h40qQlG+xGmtMxfbnH/K7TAtt8JQWVQK+6g0UXKMeVJoyV5EkkNsErQ8pVD3bLHbA==
  
  chokidar@^4.0.3:
    version "4.0.3"
    resolved "https://registry.yarnpkg.com/chokidar/-/chokidar-4.0.3.tgz#7be37a4c03c9aee1ecfe862a4a23b2c70c205d30"
    integrity sha512-Qgzu8kfBvo+cA4962jnP1KkS6Dop5NS6g7R5LFYJr4b8Ub94PPQXUksCw9PvXoeXPRRddRNC5C1JQUR2SMGtnA==
    dependencies:
      readdirp "^4.0.1"
  
  comlink@^4.4.1:
    version "4.4.2"
    resolved "https://registry.yarnpkg.com/comlink/-/comlink-4.4.2.tgz#cbbcd82742fbebc06489c28a183eedc5c60a2bca"
    integrity sha512-OxGdvBmJuNKSCMO4NTl1L47VRp6xn2wG4F/2hYzB6tiCb709otOxtEYCSvK80PtjODfXXZu8ds+Nw5kVCjqd2g==
  
  commander@^12.1.0:
    version "12.1.0"
    resolved "https://registry.yarnpkg.com/commander/-/commander-12.1.0.tgz#01423b36f501259fdaac4d0e4d60c96c991585d3"
    integrity sha512-Vw8qHK3bZM9y/P10u3Vib8o/DdkvA2OtPtZvD871QKjy74Wj1WSKFILMPRPSdUSx5RFK1arlJzEtA4PkFgnbuA==
  
  debug@^4.3.2:
    version "4.4.3"
    resolved "https://registry.yarnpkg.com/debug/-/debug-4.4.3.tgz#c6ae432d9bd9662582fce08709b038c58e9e3d6a"
    integrity sha512-RGwwWnwQvkVfavKVt22FGLw+xYSdzARwm0ru6DhTVA3umU5hZc28V3kO4stgYryrTlLpuvgI9GiijltAjNbcqA==
    dependencies:
      ms "^2.1.3"
  
  detect-libc@^2.0.1:
    version "2.1.2"
    resolved "https://registry.yarnpkg.com/detect-libc/-/detect-libc-2.1.2.tgz#689c5dcdc1900ef5583a4cb9f6d7b473742074ad"
    integrity sha512-Btj2BOOO83o3WyH59e8MgXsxEQVcarkUOpEYrubB0urwnN10yQ364rsiByU11nZlqWYZm05i/of7io4mzihBtQ==
  
  enquirer@^2.3.0:
    version "2.4.1"
    resolved "https://registry.yarnpkg.com/enquirer/-/enquirer-2.4.1.tgz#93334b3fbd74fc7097b224ab4a8fb7e40bf4ae56"
    integrity sha512-rRqJg/6gd538VHvR3PSrdRBb/1Vy2YfzHqzvbhGIQpDRKIa4FgV/54b5Q1xYSxOOwKvjXweS26E0Q+nAMwp2pQ==
    dependencies:
      ansi-colors "^4.1.1"
      strip-ansi "^6.0.1"
  
  env-paths@^2.2.0:
    version "2.2.1"
    resolved "https://registry.yarnpkg.com/env-paths/-/env-paths-2.2.1.tgz#420399d416ce1fbe9bc0a07c62fa68d67fd0f8f2"
    integrity sha512-+h1lkLKhZMTYjog1VEpJNG7NZJWcuc2DDk/qsqSTRRCOXiLjeQ1d1/udrUGhqMxUgAlwKNZ0cf2uqan5GLuS2A==
  
  esbuild@^0.21.3:
    version "0.21.5"
    resolved "https://registry.yarnpkg.com/esbuild/-/esbuild-0.21.5.tgz#9ca301b120922959b766360d8ac830da0d02997d"
    integrity sha512-mg3OPMV4hXywwpoDxu3Qda5xCKQi+vCTZq8S9J/EpkhB2HzKXq4SNFZE3+NK93JYxc8VMSep+lOUSC/RVKaBqw==
    optionalDependencies:
      "@esbuild/aix-ppc64" "0.21.5"
      "@esbuild/android-arm" "0.21.5"
      "@esbuild/android-arm64" "0.21.5"
      "@esbuild/android-x64" "0.21.5"
      "@esbuild/darwin-arm64" "0.21.5"
      "@esbuild/darwin-x64" "0.21.5"
      "@esbuild/freebsd-arm64" "0.21.5"
      "@esbuild/freebsd-x64" "0.21.5"
      "@esbuild/linux-arm" "0.21.5"
      "@esbuild/linux-arm64" "0.21.5"
      "@esbuild/linux-ia32" "0.21.5"
      "@esbuild/linux-loong64" "0.21.5"
      "@esbuild/linux-mips64el" "0.21.5"
      "@esbuild/linux-ppc64" "0.21.5"
      "@esbuild/linux-riscv64" "0.21.5"
      "@esbuild/linux-s390x" "0.21.5"
      "@esbuild/linux-x64" "0.21.5"
      "@esbuild/netbsd-x64" "0.21.5"
      "@esbuild/openbsd-x64" "0.21.5"
      "@esbuild/sunos-x64" "0.21.5"
      "@esbuild/win32-arm64" "0.21.5"
      "@esbuild/win32-ia32" "0.21.5"
      "@esbuild/win32-x64" "0.21.5"
  
  esbuild@~0.25.0:
    version "0.25.11"
    resolved "https://registry.yarnpkg.com/esbuild/-/esbuild-0.25.11.tgz#0f31b82f335652580f75ef6897bba81962d9ae3d"
    integrity sha512-KohQwyzrKTQmhXDW1PjCv3Tyspn9n5GcY2RTDqeORIdIJY8yKIF7sTSopFmn/wpMPW4rdPXI0UE5LJLuq3bx0Q==
    optionalDependencies:
      "@esbuild/aix-ppc64" "0.25.11"
      "@esbuild/android-arm" "0.25.11"
      "@esbuild/android-arm64" "0.25.11"
      "@esbuild/android-x64" "0.25.11"
      "@esbuild/darwin-arm64" "0.25.11"
      "@esbuild/darwin-x64" "0.25.11"
      "@esbuild/freebsd-arm64" "0.25.11"
      "@esbuild/freebsd-x64" "0.25.11"
      "@esbuild/linux-arm" "0.25.11"
      "@esbuild/linux-arm64" "0.25.11"
      "@esbuild/linux-ia32" "0.25.11"
      "@esbuild/linux-loong64" "0.25.11"
      "@esbuild/linux-mips64el" "0.25.11"
      "@esbuild/linux-ppc64" "0.25.11"
      "@esbuild/linux-riscv64" "0.25.11"
      "@esbuild/linux-s390x" "0.25.11"
      "@esbuild/linux-x64" "0.25.11"
      "@esbuild/netbsd-arm64" "0.25.11"
      "@esbuild/netbsd-x64" "0.25.11"
      "@esbuild/openbsd-arm64" "0.25.11"
      "@esbuild/openbsd-x64" "0.25.11"
      "@esbuild/openharmony-arm64" "0.25.11"
      "@esbuild/sunos-x64" "0.25.11"
      "@esbuild/win32-arm64" "0.25.11"
      "@esbuild/win32-ia32" "0.25.11"
      "@esbuild/win32-x64" "0.25.11"
  
  ethereum-cryptography@^2.2.1:
    version "2.2.1"
    resolved "https://registry.yarnpkg.com/ethereum-cryptography/-/ethereum-cryptography-2.2.1.tgz#58f2810f8e020aecb97de8c8c76147600b0b8ccf"
    integrity sha512-r/W8lkHSiTLxUxW8Rf3u4HGB0xQweG2RyETjywylKZSzLWoWAijRz8WCuOtJ6wah+avllXBqZuk29HCCvhEIRg==
    dependencies:
      "@noble/curves" "1.4.2"
      "@noble/hashes" "1.4.0"
      "@scure/bip32" "1.4.0"
      "@scure/bip39" "1.3.0"
  
  eventemitter3@5.0.1:
    version "5.0.1"
    resolved "https://registry.yarnpkg.com/eventemitter3/-/eventemitter3-5.0.1.tgz#53f5ffd0a492ac800721bb42c66b841de96423c4"
    integrity sha512-GWkBvjiSZK87ELrYOSESUYeVIc9mvLLf/nXalMOS5dYrgZq9o5OVkbZAVM06CVxYsCwH9BDZFPlQTlPA1j4ahA==
  
  fast-equals@^5.0.1:
    version "5.3.2"
    resolved "https://registry.yarnpkg.com/fast-equals/-/fast-equals-5.3.2.tgz#75a9c7b1c2f627851349a2db94327d79b774ce83"
    integrity sha512-6rxyATwPCkaFIL3JLqw8qXqMpIZ942pTX/tbQFkRsDGblS8tNGtlUauA/+mt6RUfqn/4MoEr+WDkYoIQbibWuQ==
  
  fsevents@~2.3.2, fsevents@~2.3.3:
    version "2.3.3"
    resolved "https://registry.yarnpkg.com/fsevents/-/fsevents-2.3.3.tgz#cac6407785d03675a2a5e1a5305c697b347d90d6"
    integrity sha512-5xoDfX+fL7faATnagmWPpbFtwh/R77WmMMqqHGS65C3vvB0YHrgF+B1YmZ3441tMj5n63k0212XNoJwzlhffQw==
  
  get-tsconfig@^4.7.5:
    version "4.13.0"
    resolved "https://registry.yarnpkg.com/get-tsconfig/-/get-tsconfig-4.13.0.tgz#fcdd991e6d22ab9a600f00e91c318707a5d9a0d7"
    integrity sha512-1VKTZJCwBrvbd+Wn3AOgQP/2Av+TfTCOlE4AcRJE72W1ksZXbAx8PPBR9RzgTeSPzlPMHrbANMH3LbltH73wxQ==
    dependencies:
      resolve-pkg-maps "^1.0.0"
  
  hardhat@^3.0.9:
    version "3.0.9"
    resolved "https://registry.yarnpkg.com/hardhat/-/hardhat-3.0.9.tgz#e24ce01586935d93723cfccd8139ffe1a9a92754"
    integrity sha512-X/sa9IcpRkJ1PqhetojaEf6uCHKyauWFxGxiKX1S3mor+3j/aJwaljKXqhOwWvUYOcgVFTyA6+9b3YGcvyyXRA==
    dependencies:
      "@nomicfoundation/edr" "0.12.0-next.7"
      "@nomicfoundation/hardhat-errors" "^3.0.3"
      "@nomicfoundation/hardhat-utils" "^3.0.3"
      "@nomicfoundation/hardhat-zod-utils" "^3.0.1"
      "@nomicfoundation/solidity-analyzer" "^0.1.1"
      "@sentry/core" "^9.4.0"
      adm-zip "^0.4.16"
      chalk "^5.3.0"
      chokidar "^4.0.3"
      debug "^4.3.2"
      enquirer "^2.3.0"
      ethereum-cryptography "^2.2.1"
      micro-eth-signer "^0.14.0"
      p-map "^7.0.2"
      resolve.exports "^2.0.3"
      semver "^7.6.3"
      tsx "^4.19.3"
      ws "^8.18.0"
      zod "^3.23.8"
  
  idb-keyval@^6.2.1:
    version "6.2.2"
    resolved "https://registry.yarnpkg.com/idb-keyval/-/idb-keyval-6.2.2.tgz#b0171b5f73944854a3291a5cdba8e12768c4854a"
    integrity sha512-yjD9nARJ/jb1g+CvD0tlhUHOrJ9Sy0P8T9MF3YaLlHnSRpwPfpTX0XIvpmw3gAJUmEu3FiICLBDPXVwyEvrleg==
  
  ieee754@^1.2.1:
    version "1.2.1"
    resolved "https://registry.yarnpkg.com/ieee754/-/ieee754-1.2.1.tgz#8eb7a10a63fff25d15a57b001586d177d1b0d352"
    integrity sha512-dcyqhDvX1C46lXZcVqCpK+FtMRQVdIMN6/Df5js2zouUsqG7I6sFxitIC+7KYK29KdXOLHdu9zL4sFnoVQnqaA==
  
  isows@1.0.7:
    version "1.0.7"
    resolved "https://registry.yarnpkg.com/isows/-/isows-1.0.7.tgz#1c06400b7eed216fbba3bcbd68f12490fc342915"
    integrity sha512-I1fSfDCZL5P0v33sVqeTDSpcstAg/N+wF5HS033mogOVIp4B+oHC7oOCsA3axAbBSGTJ8QubbNmnIRN/h8U7hg==
  
  json-stream-stringify@^3.1.6:
    version "3.1.6"
    resolved "https://registry.yarnpkg.com/json-stream-stringify/-/json-stream-stringify-3.1.6.tgz#ebe32193876fb99d4ec9f612389a8d8e2b5d54d4"
    integrity sha512-x7fpwxOkbhFCaJDJ8vb1fBY3DdSa4AlITaz+HHILQJzdPMnHEFjxPwVUi1ALIbcIxDE0PNe/0i7frnY8QnBQog==
  
  micro-eth-signer@^0.14.0:
    version "0.14.0"
    resolved "https://registry.yarnpkg.com/micro-eth-signer/-/micro-eth-signer-0.14.0.tgz#8aa1fe997d98d6bdf42f2071cef7eb01a66ecb22"
    integrity sha512-5PLLzHiVYPWClEvZIXXFu5yutzpadb73rnQCpUqIHu3No3coFuWQNfE5tkBQJ7djuLYl6aRLaS0MgWJYGoqiBw==
    dependencies:
      "@noble/curves" "~1.8.1"
      "@noble/hashes" "~1.7.1"
      micro-packed "~0.7.2"
  
  micro-packed@~0.7.2:
    version "0.7.3"
    resolved "https://registry.yarnpkg.com/micro-packed/-/micro-packed-0.7.3.tgz#59e96b139dffeda22705c7a041476f24cabb12b6"
    integrity sha512-2Milxs+WNC00TRlem41oRswvw31146GiSaoCT7s3Xi2gMUglW5QBeqlQaZeHr5tJx9nm3i57LNXPqxOOaWtTYg==
    dependencies:
      "@scure/base" "~1.2.5"
  
  ms@^2.1.3:
    version "2.1.3"
    resolved "https://registry.yarnpkg.com/ms/-/ms-2.1.3.tgz#574c8138ce1d2b5861f0b44579dbadd60c6615b2"
    integrity sha512-6FlzubTLZG3J2a/NVCAleEhjzq5oxgHyaCU9yYXvcLsvoVaHJq/s5xXI6/XXP6tz7R9xAOtHnSO/tXtF3WRTlA==
  
  msgpackr-extract@^3.0.2:
    version "3.0.3"
    resolved "https://registry.yarnpkg.com/msgpackr-extract/-/msgpackr-extract-3.0.3.tgz#e9d87023de39ce714872f9e9504e3c1996d61012"
    integrity sha512-P0efT1C9jIdVRefqjzOQ9Xml57zpOXnIuS+csaB4MdZbTdmGDLo8XhzBG1N7aO11gKDDkJvBLULeFTo46wwreA==
    dependencies:
      node-gyp-build-optional-packages "5.2.2"
    optionalDependencies:
      "@msgpackr-extract/msgpackr-extract-darwin-arm64" "3.0.3"
      "@msgpackr-extract/msgpackr-extract-darwin-x64" "3.0.3"
      "@msgpackr-extract/msgpackr-extract-linux-arm" "3.0.3"
      "@msgpackr-extract/msgpackr-extract-linux-arm64" "3.0.3"
      "@msgpackr-extract/msgpackr-extract-linux-x64" "3.0.3"
      "@msgpackr-extract/msgpackr-extract-win32-x64" "3.0.3"
  
  msgpackr@^1.11.2:
    version "1.11.5"
    resolved "https://registry.yarnpkg.com/msgpackr/-/msgpackr-1.11.5.tgz#edf0b9d9cb7d8ed6897dd0e42cfb865a2f4b602e"
    integrity sha512-UjkUHN0yqp9RWKy0Lplhh+wlpdt9oQBYgULZOiFhV3VclSF1JnSQWZ5r9gORQlNYaUKQoR8itv7g7z1xDDuACA==
    optionalDependencies:
      msgpackr-extract "^3.0.2"
  
  nanoid@^3.3.11:
    version "3.3.11"
    resolved "https://registry.yarnpkg.com/nanoid/-/nanoid-3.3.11.tgz#4f4f112cefbe303202f2199838128936266d185b"
    integrity sha512-N8SpfPUnUp1bK+PMYW8qSWdl9U+wwNWI4QKxOYDy9JAro3WMX7p2OeVRF9v+347pnakNevPmiHhNmZ2HbFA76w==
  
  node-gyp-build-optional-packages@5.2.2:
    version "5.2.2"
    resolved "https://registry.yarnpkg.com/node-gyp-build-optional-packages/-/node-gyp-build-optional-packages-5.2.2.tgz#522f50c2d53134d7f3a76cd7255de4ab6c96a3a4"
    integrity sha512-s+w+rBWnpTMwSFbaE0UXsRlg7hU4FjekKU4eyAih5T8nJuNZT1nNsskXpxmeqSK9UzkBl6UgRlnKc8hz8IEqOw==
    dependencies:
      detect-libc "^2.0.1"
  
  on-exit-leak-free@^2.1.0:
    version "2.1.2"
    resolved "https://registry.yarnpkg.com/on-exit-leak-free/-/on-exit-leak-free-2.1.2.tgz#fed195c9ebddb7d9e4c3842f93f281ac8dadd3b8"
    integrity sha512-0eJJY6hXLGf1udHwfNftBqH+g73EU4B504nZeKpz1sYRKafAghwxEJunB2O7rDZkL4PGfsMVnTXZ2EjibbqcsA==
  
  ox@0.9.6:
    version "0.9.6"
    resolved "https://registry.yarnpkg.com/ox/-/ox-0.9.6.tgz#5cf02523b6db364c10ee7f293ff1e664e0e1eab7"
    integrity sha512-8SuCbHPvv2eZLYXrNmC0EC12rdzXQLdhnOMlHDW2wiCPLxBrOOJwX5L5E61by+UjTPOryqQiRSnjIKCI+GykKg==
    dependencies:
      "@adraffy/ens-normalize" "^1.11.0"
      "@noble/ciphers" "^1.3.0"
      "@noble/curves" "1.9.1"
      "@noble/hashes" "^1.8.0"
      "@scure/bip32" "^1.7.0"
      "@scure/bip39" "^1.6.0"
      abitype "^1.0.9"
      eventemitter3 "5.0.1"
  
  p-map@^7.0.2:
    version "7.0.3"
    resolved "https://registry.yarnpkg.com/p-map/-/p-map-7.0.3.tgz#7ac210a2d36f81ec28b736134810f7ba4418cdb6"
    integrity sha512-VkndIv2fIB99swvQoA65bm+fsmt6UNdGeIB0oxBs+WhAhdh08QA04JXpI7rbB9r08/nkbysKoya9rtDERYOYMA==
  
  pako@^2.1.0:
    version "2.1.0"
    resolved "https://registry.yarnpkg.com/pako/-/pako-2.1.0.tgz#266cc37f98c7d883545d11335c00fbd4062c9a86"
    integrity sha512-w+eufiZ1WuJYgPXbV/PO3NCMEc3xqylkKHzp8bxp1uW4qaSNQUkwmLLEc3kKsfz8lpV1F8Ht3U1Cm+9Srog2ug==
  
  picocolors@^1.1.1:
    version "1.1.1"
    resolved "https://registry.yarnpkg.com/picocolors/-/picocolors-1.1.1.tgz#3d321af3eab939b083c8f929a1d12cda81c26b6b"
    integrity sha512-xceH2snhtb5M9liqDsmEw56le376mTZkEX/jEb/RxNFyegNul7eNslCXP9FDj/Lcu0X8KEyMceP2ntpaHrDEVA==
  
  pino-abstract-transport@^2.0.0:
    version "2.0.0"
    resolved "https://registry.yarnpkg.com/pino-abstract-transport/-/pino-abstract-transport-2.0.0.tgz#de241578406ac7b8a33ce0d77ae6e8a0b3b68a60"
    integrity sha512-F63x5tizV6WCh4R6RHyi2Ml+M70DNRXt/+HANowMflpgGFMAym/VKm6G7ZOQRjqN7XbGxK1Lg9t6ZrtzOaivMw==
    dependencies:
      split2 "^4.0.0"
  
  pino-std-serializers@^7.0.0:
    version "7.0.0"
    resolved "https://registry.yarnpkg.com/pino-std-serializers/-/pino-std-serializers-7.0.0.tgz#7c625038b13718dbbd84ab446bd673dc52259e3b"
    integrity sha512-e906FRY0+tV27iq4juKzSYPbUj2do2X2JX4EzSca1631EB2QJQUqGbDuERal7LCtOpxl6x3+nvo9NPZcmjkiFA==
  
  pino@^9.5.0:
    version "9.14.0"
    resolved "https://registry.yarnpkg.com/pino/-/pino-9.14.0.tgz#673d9711c2d1e64d18670c1ec05ef7ba14562556"
    integrity sha512-8OEwKp5juEvb/MjpIc4hjqfgCNysrS94RIOMXYvpYCdm/jglrKEiAYmiumbmGhCvs+IcInsphYDFwqrjr7398w==
    dependencies:
      "@pinojs/redact" "^0.4.0"
      atomic-sleep "^1.0.0"
      on-exit-leak-free "^2.1.0"
      pino-abstract-transport "^2.0.0"
      pino-std-serializers "^7.0.0"
      process-warning "^5.0.0"
      quick-format-unescaped "^4.0.3"
      real-require "^0.2.0"
      safe-stable-stringify "^2.3.1"
      sonic-boom "^4.0.1"
      thread-stream "^3.0.0"
  
  poseidon-lite@^0.2.0:
    version "0.2.1"
    resolved "https://registry.yarnpkg.com/poseidon-lite/-/poseidon-lite-0.2.1.tgz#7ad98e3a3aa5b91a1fd3a61a87460e9e46fd76d6"
    integrity sha512-xIr+G6HeYfOhCuswdqcFpSX47SPhm0EpisWJ6h7fHlWwaVIvH3dLnejpatrtw6Xc6HaLrpq05y7VRfvDmDGIog==
  
  poseidon-solidity@0.0.5, poseidon-solidity@^0.0.5:
    version "0.0.5"
    resolved "https://registry.yarnpkg.com/poseidon-solidity/-/poseidon-solidity-0.0.5.tgz#3f93e01cfe25f6d2f2fac49734fbb00961b84655"
    integrity sha512-NzrvSwHzvZgT4hvg2GyGqeR+UOU/eLSEt4wAoXEua+VaR7NTKKwx1X9bPlh1VMBEVEno+IWvkRBbidFGzTeAqQ==
  
  postcss@^8.4.43:
    version "8.5.6"
    resolved "https://registry.yarnpkg.com/postcss/-/postcss-8.5.6.tgz#2825006615a619b4f62a9e7426cc120b349a8f3c"
    integrity sha512-3Ybi1tAuwAP9s0r1UQ2J4n5Y0G05bJkpUIO0/bI9MhwmD70S5aTWbXGBwxHrelT+XM1k6dM0pk+SwNkpTRN7Pg==
    dependencies:
      nanoid "^3.3.11"
      picocolors "^1.1.1"
      source-map-js "^1.2.1"
  
  process-warning@^5.0.0:
    version "5.0.0"
    resolved "https://registry.yarnpkg.com/process-warning/-/process-warning-5.0.0.tgz#566e0bf79d1dff30a72d8bbbe9e8ecefe8d378d7"
    integrity sha512-a39t9ApHNx2L4+HBnQKqxxHNs1r7KF+Intd8Q/g1bUh6q0WIp9voPXJ/x0j+ZL45KF1pJd9+q2jLIRMfvEshkA==
  
  quick-format-unescaped@^4.0.3:
    version "4.0.4"
    resolved "https://registry.yarnpkg.com/quick-format-unescaped/-/quick-format-unescaped-4.0.4.tgz#93ef6dd8d3453cbc7970dd614fad4c5954d6b5a7"
    integrity sha512-tYC1Q1hgyRuHgloV/YXs2w15unPVh8qfu/qCTfhTYamaw7fyhumKa2yGpdSo87vY32rIclj+4fWYQXUMs9EHvg==
  
  readdirp@^4.0.1:
    version "4.1.2"
    resolved "https://registry.yarnpkg.com/readdirp/-/readdirp-4.1.2.tgz#eb85801435fbf2a7ee58f19e0921b068fc69948d"
    integrity sha512-GDhwkLfywWL2s6vEjyhri+eXmfH6j1L7JE27WhqLeYzoh/A3DBaYGEj2H/HFZCn/kMfim73FXxEJTw06WtxQwg==
  
  real-require@^0.2.0:
    version "0.2.0"
    resolved "https://registry.yarnpkg.com/real-require/-/real-require-0.2.0.tgz#209632dea1810be2ae063a6ac084fee7e33fba78"
    integrity sha512-57frrGM/OCTLqLOAh0mhVA9VBMHd+9U7Zb2THMGdBUoZVOtGbJzjxsYGDJ3A9AYYCP4hn6y1TVbaOfzWtm5GFg==
  
  resolve-pkg-maps@^1.0.0:
    version "1.0.0"
    resolved "https://registry.yarnpkg.com/resolve-pkg-maps/-/resolve-pkg-maps-1.0.0.tgz#616b3dc2c57056b5588c31cdf4b3d64db133720f"
    integrity sha512-seS2Tj26TBVOC2NIc2rOe2y2ZO7efxITtLZcGSOnHHNOQ7CkiUBfw0Iw2ck6xkIhPwLhKNLS8BO+hEpngQlqzw==
  
  resolve.exports@^2.0.3:
    version "2.0.3"
    resolved "https://registry.yarnpkg.com/resolve.exports/-/resolve.exports-2.0.3.tgz#41955e6f1b4013b7586f873749a635dea07ebe3f"
    integrity sha512-OcXjMsGdhL4XnbShKpAcSqPMzQoYkYyhbEaeSko47MjRP9NfEQMhZkXL1DoFlt9LWQn4YttrdnV6X2OiyzBi+A==
  
  rfdc@^1.3.1:
    version "1.4.1"
    resolved "https://registry.yarnpkg.com/rfdc/-/rfdc-1.4.1.tgz#778f76c4fb731d93414e8f925fbecf64cce7f6ca"
    integrity sha512-q1b3N5QkRUWUl7iyylaaj3kOpIT0N2i9MqIEQXP73GVsN9cw3fdx8X63cEmWhJGi2PPCF23Ijp7ktmd39rawIA==
  
  rollup@^4.20.0:
    version "4.52.5"
    resolved "https://registry.yarnpkg.com/rollup/-/rollup-4.52.5.tgz#96982cdcaedcdd51b12359981f240f94304ec235"
    integrity sha512-3GuObel8h7Kqdjt0gxkEzaifHTqLVW56Y/bjN7PSQtkKr0w3V/QYSdt6QWYtd7A1xUtYQigtdUfgj1RvWVtorw==
    dependencies:
      "@types/estree" "1.0.8"
    optionalDependencies:
      "@rollup/rollup-android-arm-eabi" "4.52.5"
      "@rollup/rollup-android-arm64" "4.52.5"
      "@rollup/rollup-darwin-arm64" "4.52.5"
      "@rollup/rollup-darwin-x64" "4.52.5"
      "@rollup/rollup-freebsd-arm64" "4.52.5"
      "@rollup/rollup-freebsd-x64" "4.52.5"
      "@rollup/rollup-linux-arm-gnueabihf" "4.52.5"
      "@rollup/rollup-linux-arm-musleabihf" "4.52.5"
      "@rollup/rollup-linux-arm64-gnu" "4.52.5"
      "@rollup/rollup-linux-arm64-musl" "4.52.5"
      "@rollup/rollup-linux-loong64-gnu" "4.52.5"
      "@rollup/rollup-linux-ppc64-gnu" "4.52.5"
      "@rollup/rollup-linux-riscv64-gnu" "4.52.5"
      "@rollup/rollup-linux-riscv64-musl" "4.52.5"
      "@rollup/rollup-linux-s390x-gnu" "4.52.5"
      "@rollup/rollup-linux-x64-gnu" "4.52.5"
      "@rollup/rollup-linux-x64-musl" "4.52.5"
      "@rollup/rollup-openharmony-arm64" "4.52.5"
      "@rollup/rollup-win32-arm64-msvc" "4.52.5"
      "@rollup/rollup-win32-ia32-msvc" "4.52.5"
      "@rollup/rollup-win32-x64-gnu" "4.52.5"
      "@rollup/rollup-win32-x64-msvc" "4.52.5"
      fsevents "~2.3.2"
  
  safe-stable-stringify@^2.3.1:
    version "2.5.0"
    resolved "https://registry.yarnpkg.com/safe-stable-stringify/-/safe-stable-stringify-2.5.0.tgz#4ca2f8e385f2831c432a719b108a3bf7af42a1dd"
    integrity sha512-b3rppTKm9T+PsVCBEOUR46GWI7fdOs00VKZ1+9c1EWDaDMvjQc6tUwuFyIprgGgTcWoVHSKrU8H31ZHA2e0RHA==
  
  semver@^7.6.3:
    version "7.7.3"
    resolved "https://registry.yarnpkg.com/semver/-/semver-7.7.3.tgz#4b5f4143d007633a8dc671cd0a6ef9147b8bb946"
    integrity sha512-SdsKMrI9TdgjdweUSR9MweHA4EJ8YxHn8DFaDisvhVlUOe4BF1tLD7GAj0lIqWVl+dPb/rExr0Btby5loQm20Q==
  
  sonic-boom@^4.0.1:
    version "4.2.0"
    resolved "https://registry.yarnpkg.com/sonic-boom/-/sonic-boom-4.2.0.tgz#e59a525f831210fa4ef1896428338641ac1c124d"
    integrity sha512-INb7TM37/mAcsGmc9hyyI6+QR3rR1zVRu36B0NeGXKnOOLiZOfER5SA+N7X7k3yUYRzLWafduTDvJAfDswwEww==
    dependencies:
      atomic-sleep "^1.0.0"
  
  source-map-js@^1.2.1:
    version "1.2.1"
    resolved "https://registry.yarnpkg.com/source-map-js/-/source-map-js-1.2.1.tgz#1ce5650fddd87abc099eda37dcff024c2667ae46"
    integrity sha512-UXWMKhLOwVKb728IUtQPXxfYU+usdybtUrK/8uGE8CQMvrhOpwvzDBwj0QhSL7MQc7vIsISBG8VQ8+IDQxpfQA==
  
  split2@^4.0.0:
    version "4.2.0"
    resolved "https://registry.yarnpkg.com/split2/-/split2-4.2.0.tgz#c9c5920904d148bab0b9f67145f245a86aadbfa4"
    integrity sha512-UcjcJOWknrNkF6PLX83qcHM6KHgVKNkV62Y8a5uYDVv9ydGQVwAHMKqHdJje1VTWpljG0WYpCDhrCdAOYH4TWg==
  
  strip-ansi@^6.0.1:
    version "6.0.1"
    resolved "https://registry.yarnpkg.com/strip-ansi/-/strip-ansi-6.0.1.tgz#9e26c63d30f53443e9489495b2105d37b67a85d9"
    integrity sha512-Y38VPSHcqkFrCpFnQ9vuSXmquuv5oXOKpGeT6aGrr3o3Gc9AlVa6JBfUSOCnbxGGZF+/0ooI7KrPuUSztUdU5A==
    dependencies:
      ansi-regex "^5.0.1"
  
  thread-stream@^3.0.0:
    version "3.1.0"
    resolved "https://registry.yarnpkg.com/thread-stream/-/thread-stream-3.1.0.tgz#4b2ef252a7c215064507d4ef70c05a5e2d34c4f1"
    integrity sha512-OqyPZ9u96VohAyMfJykzmivOrY2wfMSf3C5TtFJVgN+Hm6aj+voFhlK+kZEIv2FBh1X6Xp3DlnCOfEQ3B2J86A==
    dependencies:
      real-require "^0.2.0"
  
  tslib@^2.4.0:
    version "2.8.1"
    resolved "https://registry.yarnpkg.com/tslib/-/tslib-2.8.1.tgz#612efe4ed235d567e8aba5f2a5fab70280ade83f"
    integrity sha512-oJFu94HQb+KVduSUQL7wnpmqnfmLsOA/nAh6b6EH0wCEoK0/mPeXU6c3wKDV83MkOuHPRHtSXKKU99IBazS/2w==
  
  tsx@^4.19.3:
    version "4.20.6"
    resolved "https://registry.yarnpkg.com/tsx/-/tsx-4.20.6.tgz#8fb803fd9c1f70e8ccc93b5d7c5e03c3979ccb2e"
    integrity sha512-ytQKuwgmrrkDTFP4LjR0ToE2nqgy886GpvRSpU0JAnrdBYppuY5rLkRUYPU1yCryb24SsKBTL/hlDQAEFVwtZg==
    dependencies:
      esbuild "~0.25.0"
      get-tsconfig "^4.7.5"
    optionalDependencies:
      fsevents "~2.3.3"
  
  undici@^6.16.1:
    version "6.22.0"
    resolved "https://registry.yarnpkg.com/undici/-/undici-6.22.0.tgz#281adbc157af41da8e75393c9d75a1b788811bc3"
    integrity sha512-hU/10obOIu62MGYjdskASR3CUAiYaFTtC9Pa6vHyf//mAipSvSQg6od2CnJswq7fvzNS3zJhxoRkgNVaHurWKw==
  
  viem@^2.37.2:
    version "2.38.4"
    resolved "https://registry.yarnpkg.com/viem/-/viem-2.38.4.tgz#1523aceb2ae2d8ae67a11cbc44f3f984058659fe"
    integrity sha512-qnyPNg6Lz1EEC86si/1dq7GlOyZVFHSgAW+p8Q31R5idnAYCOdTM2q5KLE4/ykMeMXzY0bnp5MWTtR/wjCtWmQ==
    dependencies:
      "@noble/curves" "1.9.1"
      "@noble/hashes" "1.8.0"
      "@scure/bip32" "1.7.0"
      "@scure/bip39" "1.6.0"
      abitype "1.1.0"
      isows "1.0.7"
      ox "0.9.6"
      ws "8.18.3"
  
  vite@^5.3.4:
    version "5.4.21"
    resolved "https://registry.yarnpkg.com/vite/-/vite-5.4.21.tgz#84a4f7c5d860b071676d39ba513c0d598fdc7027"
    integrity sha512-o5a9xKjbtuhY6Bi5S3+HvbRERmouabWbyUcpXXUA1u+GNUKoROi9byOJ8M0nHbHYHkYICiMlqxkg1KkYmm25Sw==
    dependencies:
      esbuild "^0.21.3"
      postcss "^8.4.43"
      rollup "^4.20.0"
    optionalDependencies:
      fsevents "~2.3.3"
  
  ws@8.18.3, ws@^8.18.0:
    version "8.18.3"
    resolved "https://registry.yarnpkg.com/ws/-/ws-8.18.3.tgz#b56b88abffde62791c639170400c93dcb0c95472"
    integrity sha512-PEIGCY5tSlUt50cqyMXfCzX+oOPqN0vuGqWzbcJ2xvnkzkq46oOpz7dQaTDBdfICb4N14+GARUDw2XV2N4tvzg==
  
  zk-kit-lean-imt-custom-hash@2.1.1:
    version "2.1.1"
    resolved "https://registry.yarnpkg.com/zk-kit-lean-imt-custom-hash/-/zk-kit-lean-imt-custom-hash-2.1.1.tgz#00f8d863b1ef7adb244b154d2ea3987025882414"
    integrity sha512-TBz71SoMO2nx2q4iHNW1BZi5NDv9+ec7c0zVgmBYhzS7nyfiJj2OLbvvciyhkLL7T2ViMzIwU6C/bz5drI0OJw==
    dependencies:
      poseidon-solidity "0.0.5"
  
  zod@^3.23.8:
    version "3.25.76"
    resolved "https://registry.yarnpkg.com/zod/-/zod-3.25.76.tgz#26841c3f6fd22a6a2760e7ccb719179768471e34"
    integrity sha512-gzUt/qt81nXsFGKIFcC3YnfEAx5NkunCfnDlvuBSSFS02bcXu4Lmea0AFIUwbLWxWPx3d9p8S5QoaujKcNQxcQ==
